preparing time: 0.007 [s]
loading for 1/666 00001_MET 00001_MET ... ** load time: 0.017 [s]
    cal time: 0.000 [s] for b'00001_MET' b'00001_MET'
    writing acf: 0.0004 [s]
loading for 2/666 00001_MET 00002_LEU ... ** load time: 0.013 [s]
    cal time: 0.000 [s] for b'00001_MET' b'00002_LEU'
    writing acf: 0.0004 [s]
loading for 3/666 00001_MET 00003_SER ... ** load time: 0.012 [s]
    cal time: 0.000 [s] for b'00001_MET' b'00003_SER'
    writing acf: 0.0003 [s]
loading for 4/666 00001_MET 00004_ASP ... ** load time: 0.012 [s]
    cal time: 0.000 [s] for b'00001_MET' b'00004_ASP'
    writing acf: 0.0003 [s]
loading for 5/666 00001_MET 00005_GLU ... ** load time: 0.012 [s]
    cal time: 0.000 [s] for b'00001_MET' b'00005_GLU'
    writing acf: 0.0003 [s]
loading for 6/666 00001_MET 00006_ASP ... ** load time: 0.012 [s]
    cal time: 0.000 [s] for b'00001_MET' b'00006_ASP'
    writing acf: 0.0003 [s]
loading for 7/666 00001_MET 00007_PHE ... ** load time: 0.012 [s]
    cal time: 0.000 [s] for b'00001_MET' b'00007_PHE'
    writing acf: 0.0003 [s]
loading for 8/666 00001_MET 00008_LYS ... ** load time: 0.012 [s]
    cal time: 0.000 [s] for b'00001_MET' b'00008_LYS'
    writing acf: 0.0004 [s]
loading for 9/666 00001_MET 00009_ALA ... ** load time: 0.012 [s]
    cal time: 0.000 [s] for b'00001_MET' b'00009_ALA'
    writing acf: 0.0003 [s]
loading for 10/666 00001_MET 00010_VAL ... ** load time: 0.012 [s]
    cal time: 0.000 [s] for b'00001_MET' b'00010_VAL'
    writing acf: 0.0004 [s]
loading for 11/666 00001_MET 00011_PHE ... ** load time: 0.012 [s]
    cal time: 0.000 [s] for b'00001_MET' b'00011_PHE'
    writing acf: 0.0003 [s]
loading for 12/666 00001_MET 00012_GLY ... ** load time: 0.012 [s]
    cal time: 0.000 [s] for b'00001_MET' b'00012_GLY'
    writing acf: 0.0004 [s]
loading for 13/666 00001_MET 00013_MET ... ** load time: 0.012 [s]
    cal time: 0.000 [s] for b'00001_MET' b'00013_MET'
    writing acf: 0.0004 [s]
loading for 14/666 00001_MET 00014_THR ... ** load time: 0.012 [s]
    cal time: 0.000 [s] for b'00001_MET' b'00014_THR'
    writing acf: 0.0003 [s]
loading for 15/666 00001_MET 00015_ARG ... ** load time: 0.012 [s]
    cal time: 0.000 [s] for b'00001_MET' b'00015_ARG'
    writing acf: 0.0004 [s]
loading for 16/666 00001_MET 00016_SER ... ** load time: 0.012 [s]
    cal time: 0.000 [s] for b'00001_MET' b'00016_SER'
    writing acf: 0.0004 [s]
loading for 17/666 00001_MET 00017_ALA ... ** load time: 0.012 [s]
    cal time: 0.000 [s] for b'00001_MET' b'00017_ALA'
    writing acf: 0.0005 [s]
loading for 18/666 00001_MET 00018_PHE ... ** load time: 0.012 [s]
    cal time: 0.000 [s] for b'00001_MET' b'00018_PHE'
    writing acf: 0.0003 [s]
loading for 19/666 00001_MET 00019_ALA ... ** load time: 0.012 [s]
    cal time: 0.000 [s] for b'00001_MET' b'00019_ALA'
    writing acf: 0.0003 [s]
loading for 20/666 00001_MET 00020_ASN ... ** load time: 0.013 [s]
    cal time: 0.000 [s] for b'00001_MET' b'00020_ASN'
    writing acf: 0.0004 [s]
loading for 21/666 00001_MET 00021_LEU ... ** load time: 0.012 [s]
    cal time: 0.000 [s] for b'00001_MET' b'00021_LEU'
    writing acf: 0.0003 [s]
loading for 22/666 00001_MET 00022_PRO ... ** load time: 0.012 [s]
    cal time: 0.000 [s] for b'00001_MET' b'00022_PRO'
    writing acf: 0.0004 [s]
loading for 23/666 00001_MET 00023_LEU ... ** load time: 0.012 [s]
    cal time: 0.000 [s] for b'00001_MET' b'00023_LEU'
    writing acf: 0.0003 [s]
loading for 24/666 00001_MET 00024_TRP ... ** load time: 0.012 [s]
    cal time: 0.000 [s] for b'00001_MET' b'00024_TRP'
    writing acf: 0.0003 [s]
loading for 25/666 00001_MET 00025_LYS ... ** load time: 0.012 [s]
    cal time: 0.000 [s] for b'00001_MET' b'00025_LYS'
    writing acf: 0.0004 [s]
loading for 26/666 00001_MET 00026_GLN ... ** load time: 0.012 [s]
    cal time: 0.000 [s] for b'00001_MET' b'00026_GLN'
    writing acf: 0.0004 [s]
loading for 27/666 00001_MET 00027_GLN ... ** load time: 0.012 [s]
    cal time: 0.000 [s] for b'00001_MET' b'00027_GLN'
    writing acf: 0.0003 [s]
loading for 28/666 00001_MET 00028_ASN ... ** load time: 0.012 [s]
    cal time: 0.000 [s] for b'00001_MET' b'00028_ASN'
    writing acf: 0.0004 [s]
loading for 29/666 00001_MET 00029_LEU ... ** load time: 0.012 [s]
    cal time: 0.000 [s] for b'00001_MET' b'00029_LEU'
    writing acf: 0.0004 [s]
loading for 30/666 00001_MET 00030_LYS ... ** load time: 0.012 [s]
    cal time: 0.000 [s] for b'00001_MET' b'00030_LYS'
    writing acf: 0.0004 [s]
loading for 31/666 00001_MET 00031_LYS ... ** load time: 0.012 [s]
    cal time: 0.000 [s] for b'00001_MET' b'00031_LYS'
    writing acf: 0.0004 [s]
loading for 32/666 00001_MET 00032_GLU ... ** load time: 0.012 [s]
    cal time: 0.000 [s] for b'00001_MET' b'00032_GLU'
    writing acf: 0.0004 [s]
loading for 33/666 00001_MET 00033_LYS ... ** load time: 0.013 [s]
    cal time: 0.000 [s] for b'00001_MET' b'00033_LYS'
    writing acf: 0.0004 [s]
loading for 34/666 00001_MET 00034_GLY ... ** load time: 0.012 [s]
    cal time: 0.000 [s] for b'00001_MET' b'00034_GLY'
    writing acf: 0.0004 [s]
loading for 35/666 00001_MET 00035_LEU ... ** load time: 0.012 [s]
    cal time: 0.000 [s] for b'00001_MET' b'00035_LEU'
    writing acf: 0.0005 [s]
loading for 36/666 00001_MET 00036_PHE ... ** load time: 0.012 [s]
    cal time: 0.000 [s] for b'00001_MET' b'00036_PHE'
    writing acf: 0.0003 [s]
loading for 37/666 00002_LEU 00002_LEU ... ** load time: 0.012 [s]
    cal time: 0.000 [s] for b'00002_LEU' b'00002_LEU'
    writing acf: 0.0004 [s]
loading for 38/666 00002_LEU 00003_SER ... ** load time: 0.012 [s]
    cal time: 0.000 [s] for b'00002_LEU' b'00003_SER'
    writing acf: 0.0003 [s]
loading for 39/666 00002_LEU 00004_ASP ... ** load time: 0.012 [s]
    cal time: 0.000 [s] for b'00002_LEU' b'00004_ASP'
    writing acf: 0.0003 [s]
loading for 40/666 00002_LEU 00005_GLU ... ** load time: 0.012 [s]
    cal time: 0.000 [s] for b'00002_LEU' b'00005_GLU'
    writing acf: 0.0004 [s]
loading for 41/666 00002_LEU 00006_ASP ... ** load time: 0.013 [s]
    cal time: 0.000 [s] for b'00002_LEU' b'00006_ASP'
    writing acf: 0.0004 [s]
loading for 42/666 00002_LEU 00007_PHE ... ** load time: 0.012 [s]
    cal time: 0.000 [s] for b'00002_LEU' b'00007_PHE'
    writing acf: 0.0004 [s]
loading for 43/666 00002_LEU 00008_LYS ... ** load time: 0.012 [s]
    cal time: 0.000 [s] for b'00002_LEU' b'00008_LYS'
    writing acf: 0.0004 [s]
loading for 44/666 00002_LEU 00009_ALA ... ** load time: 0.012 [s]
    cal time: 0.000 [s] for b'00002_LEU' b'00009_ALA'
    writing acf: 0.0004 [s]
loading for 45/666 00002_LEU 00010_VAL ... ** load time: 0.012 [s]
    cal time: 0.000 [s] for b'00002_LEU' b'00010_VAL'
    writing acf: 0.0003 [s]
loading for 46/666 00002_LEU 00011_PHE ... ** load time: 0.012 [s]
    cal time: 0.000 [s] for b'00002_LEU' b'00011_PHE'
    writing acf: 0.0004 [s]
loading for 47/666 00002_LEU 00012_GLY ... ** load time: 0.012 [s]
    cal time: 0.000 [s] for b'00002_LEU' b'00012_GLY'
    writing acf: 0.0003 [s]
loading for 48/666 00002_LEU 00013_MET ... ** load time: 0.012 [s]
    cal time: 0.000 [s] for b'00002_LEU' b'00013_MET'
    writing acf: 0.0004 [s]
loading for 49/666 00002_LEU 00014_THR ... ** load time: 0.012 [s]
    cal time: 0.000 [s] for b'00002_LEU' b'00014_THR'
    writing acf: 0.0003 [s]
loading for 50/666 00002_LEU 00015_ARG ... ** load time: 0.012 [s]
    cal time: 0.000 [s] for b'00002_LEU' b'00015_ARG'
    writing acf: 0.0004 [s]
loading for 51/666 00002_LEU 00016_SER ... ** load time: 0.012 [s]
    cal time: 0.000 [s] for b'00002_LEU' b'00016_SER'
    writing acf: 0.0004 [s]
loading for 52/666 00002_LEU 00017_ALA ... ** load time: 0.012 [s]
    cal time: 0.000 [s] for b'00002_LEU' b'00017_ALA'
    writing acf: 0.0004 [s]
loading for 53/666 00002_LEU 00018_PHE ... ** load time: 0.012 [s]
    cal time: 0.000 [s] for b'00002_LEU' b'00018_PHE'
    writing acf: 0.0004 [s]
loading for 54/666 00002_LEU 00019_ALA ... ** load time: 0.012 [s]
    cal time: 0.000 [s] for b'00002_LEU' b'00019_ALA'
    writing acf: 0.0003 [s]
loading for 55/666 00002_LEU 00020_ASN ... ** load time: 0.013 [s]
    cal time: 0.000 [s] for b'00002_LEU' b'00020_ASN'
    writing acf: 0.0004 [s]
loading for 56/666 00002_LEU 00021_LEU ... ** load time: 0.012 [s]
    cal time: 0.000 [s] for b'00002_LEU' b'00021_LEU'
    writing acf: 0.0004 [s]
loading for 57/666 00002_LEU 00022_PRO ... ** load time: 0.012 [s]
    cal time: 0.000 [s] for b'00002_LEU' b'00022_PRO'
    writing acf: 0.0004 [s]
loading for 58/666 00002_LEU 00023_LEU ... ** load time: 0.012 [s]
    cal time: 0.000 [s] for b'00002_LEU' b'00023_LEU'
    writing acf: 0.0004 [s]
loading for 59/666 00002_LEU 00024_TRP ... ** load time: 0.013 [s]
    cal time: 0.000 [s] for b'00002_LEU' b'00024_TRP'
    writing acf: 0.0004 [s]
loading for 60/666 00002_LEU 00025_LYS ... ** load time: 0.012 [s]
    cal time: 0.000 [s] for b'00002_LEU' b'00025_LYS'
    writing acf: 0.0004 [s]
loading for 61/666 00002_LEU 00026_GLN ... ** load time: 0.012 [s]
    cal time: 0.000 [s] for b'00002_LEU' b'00026_GLN'
    writing acf: 0.0004 [s]
loading for 62/666 00002_LEU 00027_GLN ... ** load time: 0.012 [s]
    cal time: 0.000 [s] for b'00002_LEU' b'00027_GLN'
    writing acf: 0.0004 [s]
loading for 63/666 00002_LEU 00028_ASN ... ** load time: 0.012 [s]
    cal time: 0.000 [s] for b'00002_LEU' b'00028_ASN'
    writing acf: 0.0004 [s]
loading for 64/666 00002_LEU 00029_LEU ... ** load time: 0.012 [s]
    cal time: 0.000 [s] for b'00002_LEU' b'00029_LEU'
    writing acf: 0.0003 [s]
loading for 65/666 00002_LEU 00030_LYS ... ** load time: 0.012 [s]
    cal time: 0.000 [s] for b'00002_LEU' b'00030_LYS'
    writing acf: 0.0003 [s]
loading for 66/666 00002_LEU 00031_LYS ... ** load time: 0.012 [s]
    cal time: 0.000 [s] for b'00002_LEU' b'00031_LYS'
    writing acf: 0.0004 [s]
loading for 67/666 00002_LEU 00032_GLU ... ** load time: 0.012 [s]
    cal time: 0.000 [s] for b'00002_LEU' b'00032_GLU'
    writing acf: 0.0004 [s]
loading for 68/666 00002_LEU 00033_LYS ... ** load time: 0.012 [s]
    cal time: 0.000 [s] for b'00002_LEU' b'00033_LYS'
    writing acf: 0.0005 [s]
loading for 69/666 00002_LEU 00034_GLY ... ** load time: 0.012 [s]
    cal time: 0.000 [s] for b'00002_LEU' b'00034_GLY'
    writing acf: 0.0007 [s]
loading for 70/666 00002_LEU 00035_LEU ... ** load time: 0.012 [s]
    cal time: 0.000 [s] for b'00002_LEU' b'00035_LEU'
    writing acf: 0.0004 [s]
loading for 71/666 00002_LEU 00036_PHE ... ** load time: 0.012 [s]
    cal time: 0.000 [s] for b'00002_LEU' b'00036_PHE'
    writing acf: 0.0003 [s]
loading for 72/666 00003_SER 00003_SER ... ** load time: 0.012 [s]
    cal time: 0.000 [s] for b'00003_SER' b'00003_SER'
    writing acf: 0.0003 [s]
loading for 73/666 00003_SER 00004_ASP ... ** load time: 0.012 [s]
    cal time: 0.000 [s] for b'00003_SER' b'00004_ASP'
    writing acf: 0.0004 [s]
loading for 74/666 00003_SER 00005_GLU ... ** load time: 0.012 [s]
    cal time: 0.000 [s] for b'00003_SER' b'00005_GLU'
    writing acf: 0.0004 [s]
loading for 75/666 00003_SER 00006_ASP ... ** load time: 0.012 [s]
    cal time: 0.000 [s] for b'00003_SER' b'00006_ASP'
    writing acf: 0.0003 [s]
loading for 76/666 00003_SER 00007_PHE ... ** load time: 0.012 [s]
    cal time: 0.000 [s] for b'00003_SER' b'00007_PHE'
    writing acf: 0.0004 [s]
loading for 77/666 00003_SER 00008_LYS ... ** load time: 0.012 [s]
    cal time: 0.000 [s] for b'00003_SER' b'00008_LYS'
    writing acf: 0.0003 [s]
loading for 78/666 00003_SER 00009_ALA ... ** load time: 0.012 [s]
    cal time: 0.000 [s] for b'00003_SER' b'00009_ALA'
    writing acf: 0.0004 [s]
loading for 79/666 00003_SER 00010_VAL ... ** load time: 0.012 [s]
    cal time: 0.000 [s] for b'00003_SER' b'00010_VAL'
    writing acf: 0.0003 [s]
loading for 80/666 00003_SER 00011_PHE ... ** load time: 0.012 [s]
    cal time: 0.000 [s] for b'00003_SER' b'00011_PHE'
    writing acf: 0.0003 [s]
loading for 81/666 00003_SER 00012_GLY ... ** load time: 0.012 [s]
    cal time: 0.000 [s] for b'00003_SER' b'00012_GLY'
    writing acf: 0.0004 [s]
loading for 82/666 00003_SER 00013_MET ... ** load time: 0.012 [s]
    cal time: 0.000 [s] for b'00003_SER' b'00013_MET'
    writing acf: 0.0004 [s]
loading for 83/666 00003_SER 00014_THR ... ** load time: 0.012 [s]
    cal time: 0.000 [s] for b'00003_SER' b'00014_THR'
    writing acf: 0.0003 [s]
loading for 84/666 00003_SER 00015_ARG ... ** load time: 0.012 [s]
    cal time: 0.000 [s] for b'00003_SER' b'00015_ARG'
    writing acf: 0.0004 [s]
loading for 85/666 00003_SER 00016_SER ... ** load time: 0.012 [s]
    cal time: 0.000 [s] for b'00003_SER' b'00016_SER'
    writing acf: 0.0004 [s]
loading for 86/666 00003_SER 00017_ALA ... ** load time: 0.012 [s]
    cal time: 0.000 [s] for b'00003_SER' b'00017_ALA'
    writing acf: 0.0003 [s]
loading for 87/666 00003_SER 00018_PHE ... ** load time: 0.012 [s]
    cal time: 0.000 [s] for b'00003_SER' b'00018_PHE'
    writing acf: 0.0005 [s]
loading for 88/666 00003_SER 00019_ALA ... ** load time: 0.012 [s]
    cal time: 0.000 [s] for b'00003_SER' b'00019_ALA'
    writing acf: 0.0003 [s]
loading for 89/666 00003_SER 00020_ASN ... ** load time: 0.012 [s]
    cal time: 0.000 [s] for b'00003_SER' b'00020_ASN'
    writing acf: 0.0004 [s]
loading for 90/666 00003_SER 00021_LEU ... ** load time: 0.012 [s]
    cal time: 0.000 [s] for b'00003_SER' b'00021_LEU'
    writing acf: 0.0003 [s]
loading for 91/666 00003_SER 00022_PRO ... ** load time: 0.012 [s]
    cal time: 0.000 [s] for b'00003_SER' b'00022_PRO'
    writing acf: 0.0003 [s]
loading for 92/666 00003_SER 00023_LEU ... ** load time: 0.012 [s]
    cal time: 0.000 [s] for b'00003_SER' b'00023_LEU'
    writing acf: 0.0003 [s]
loading for 93/666 00003_SER 00024_TRP ... ** load time: 0.012 [s]
    cal time: 0.000 [s] for b'00003_SER' b'00024_TRP'
    writing acf: 0.0004 [s]
loading for 94/666 00003_SER 00025_LYS ... ** load time: 0.012 [s]
    cal time: 0.000 [s] for b'00003_SER' b'00025_LYS'
    writing acf: 0.0003 [s]
loading for 95/666 00003_SER 00026_GLN ... ** load time: 0.012 [s]
    cal time: 0.000 [s] for b'00003_SER' b'00026_GLN'
    writing acf: 0.0004 [s]
loading for 96/666 00003_SER 00027_GLN ... ** load time: 0.012 [s]
    cal time: 0.000 [s] for b'00003_SER' b'00027_GLN'
    writing acf: 0.0005 [s]
loading for 97/666 00003_SER 00028_ASN ... ** load time: 0.012 [s]
    cal time: 0.000 [s] for b'00003_SER' b'00028_ASN'
    writing acf: 0.0004 [s]
loading for 98/666 00003_SER 00029_LEU ... ** load time: 0.012 [s]
    cal time: 0.000 [s] for b'00003_SER' b'00029_LEU'
    writing acf: 0.0004 [s]
loading for 99/666 00003_SER 00030_LYS ... ** load time: 0.012 [s]
    cal time: 0.000 [s] for b'00003_SER' b'00030_LYS'
    writing acf: 0.0004 [s]
loading for 100/666 00003_SER 00031_LYS ... ** load time: 0.012 [s]
    cal time: 0.000 [s] for b'00003_SER' b'00031_LYS'
    writing acf: 0.0004 [s]
loading for 101/666 00003_SER 00032_GLU ... ** load time: 0.012 [s]
    cal time: 0.000 [s] for b'00003_SER' b'00032_GLU'
    writing acf: 0.0004 [s]
loading for 102/666 00003_SER 00033_LYS ... ** load time: 0.012 [s]
    cal time: 0.000 [s] for b'00003_SER' b'00033_LYS'
    writing acf: 0.0003 [s]
loading for 103/666 00003_SER 00034_GLY ... ** load time: 0.012 [s]
    cal time: 0.000 [s] for b'00003_SER' b'00034_GLY'
    writing acf: 0.0003 [s]
loading for 104/666 00003_SER 00035_LEU ... ** load time: 0.012 [s]
    cal time: 0.000 [s] for b'00003_SER' b'00035_LEU'
    writing acf: 0.0004 [s]
loading for 105/666 00003_SER 00036_PHE ... ** load time: 0.012 [s]
    cal time: 0.000 [s] for b'00003_SER' b'00036_PHE'
    writing acf: 0.0003 [s]
loading for 106/666 00004_ASP 00004_ASP ... ** load time: 0.012 [s]
    cal time: 0.000 [s] for b'00004_ASP' b'00004_ASP'
    writing acf: 0.0004 [s]
loading for 107/666 00004_ASP 00005_GLU ... ** load time: 0.012 [s]
    cal time: 0.000 [s] for b'00004_ASP' b'00005_GLU'
    writing acf: 0.0005 [s]
loading for 108/666 00004_ASP 00006_ASP ... ** load time: 0.012 [s]
    cal time: 0.000 [s] for b'00004_ASP' b'00006_ASP'
    writing acf: 0.0004 [s]
loading for 109/666 00004_ASP 00007_PHE ... ** load time: 0.012 [s]
    cal time: 0.000 [s] for b'00004_ASP' b'00007_PHE'
    writing acf: 0.0004 [s]
loading for 110/666 00004_ASP 00008_LYS ... ** load time: 0.012 [s]
    cal time: 0.000 [s] for b'00004_ASP' b'00008_LYS'
    writing acf: 0.0004 [s]
loading for 111/666 00004_ASP 00009_ALA ... ** load time: 0.012 [s]
    cal time: 0.000 [s] for b'00004_ASP' b'00009_ALA'
    writing acf: 0.0004 [s]
loading for 112/666 00004_ASP 00010_VAL ... ** load time: 0.013 [s]
    cal time: 0.000 [s] for b'00004_ASP' b'00010_VAL'
    writing acf: 0.0004 [s]
loading for 113/666 00004_ASP 00011_PHE ... ** load time: 0.012 [s]
    cal time: 0.000 [s] for b'00004_ASP' b'00011_PHE'
    writing acf: 0.0004 [s]
loading for 114/666 00004_ASP 00012_GLY ... ** load time: 0.012 [s]
    cal time: 0.000 [s] for b'00004_ASP' b'00012_GLY'
    writing acf: 0.0004 [s]
loading for 115/666 00004_ASP 00013_MET ... ** load time: 0.012 [s]
    cal time: 0.000 [s] for b'00004_ASP' b'00013_MET'
    writing acf: 0.0003 [s]
loading for 116/666 00004_ASP 00014_THR ... ** load time: 0.012 [s]
    cal time: 0.000 [s] for b'00004_ASP' b'00014_THR'
    writing acf: 0.0004 [s]
loading for 117/666 00004_ASP 00015_ARG ... ** load time: 0.012 [s]
    cal time: 0.000 [s] for b'00004_ASP' b'00015_ARG'
    writing acf: 0.0004 [s]
loading for 118/666 00004_ASP 00016_SER ... ** load time: 0.012 [s]
    cal time: 0.000 [s] for b'00004_ASP' b'00016_SER'
    writing acf: 0.0003 [s]
loading for 119/666 00004_ASP 00017_ALA ... ** load time: 0.012 [s]
    cal time: 0.000 [s] for b'00004_ASP' b'00017_ALA'
    writing acf: 0.0003 [s]
loading for 120/666 00004_ASP 00018_PHE ... ** load time: 0.012 [s]
    cal time: 0.000 [s] for b'00004_ASP' b'00018_PHE'
    writing acf: 0.0004 [s]
loading for 121/666 00004_ASP 00019_ALA ... ** load time: 0.012 [s]
    cal time: 0.000 [s] for b'00004_ASP' b'00019_ALA'
    writing acf: 0.0004 [s]
loading for 122/666 00004_ASP 00020_ASN ... ** load time: 0.012 [s]
    cal time: 0.000 [s] for b'00004_ASP' b'00020_ASN'
    writing acf: 0.0004 [s]
loading for 123/666 00004_ASP 00021_LEU ... ** load time: 0.012 [s]
    cal time: 0.000 [s] for b'00004_ASP' b'00021_LEU'
    writing acf: 0.0004 [s]
loading for 124/666 00004_ASP 00022_PRO ... ** load time: 0.012 [s]
    cal time: 0.000 [s] for b'00004_ASP' b'00022_PRO'
    writing acf: 0.0004 [s]
loading for 125/666 00004_ASP 00023_LEU ... ** load time: 0.012 [s]
    cal time: 0.000 [s] for b'00004_ASP' b'00023_LEU'
    writing acf: 0.0003 [s]
loading for 126/666 00004_ASP 00024_TRP ... ** load time: 0.012 [s]
    cal time: 0.000 [s] for b'00004_ASP' b'00024_TRP'
    writing acf: 0.0004 [s]
loading for 127/666 00004_ASP 00025_LYS ... ** load time: 0.012 [s]
    cal time: 0.000 [s] for b'00004_ASP' b'00025_LYS'
    writing acf: 0.0004 [s]
loading for 128/666 00004_ASP 00026_GLN ... ** load time: 0.012 [s]
    cal time: 0.000 [s] for b'00004_ASP' b'00026_GLN'
    writing acf: 0.0004 [s]
loading for 129/666 00004_ASP 00027_GLN ... ** load time: 0.012 [s]
    cal time: 0.000 [s] for b'00004_ASP' b'00027_GLN'
    writing acf: 0.0003 [s]
loading for 130/666 00004_ASP 00028_ASN ... ** load time: 0.012 [s]
    cal time: 0.000 [s] for b'00004_ASP' b'00028_ASN'
    writing acf: 0.0003 [s]
loading for 131/666 00004_ASP 00029_LEU ... ** load time: 0.012 [s]
    cal time: 0.000 [s] for b'00004_ASP' b'00029_LEU'
    writing acf: 0.0004 [s]
loading for 132/666 00004_ASP 00030_LYS ... ** load time: 0.012 [s]
    cal time: 0.000 [s] for b'00004_ASP' b'00030_LYS'
    writing acf: 0.0004 [s]
loading for 133/666 00004_ASP 00031_LYS ... ** load time: 0.012 [s]
    cal time: 0.000 [s] for b'00004_ASP' b'00031_LYS'
    writing acf: 0.0003 [s]
loading for 134/666 00004_ASP 00032_GLU ... ** load time: 0.012 [s]
    cal time: 0.000 [s] for b'00004_ASP' b'00032_GLU'
    writing acf: 0.0004 [s]
loading for 135/666 00004_ASP 00033_LYS ... ** load time: 0.012 [s]
    cal time: 0.000 [s] for b'00004_ASP' b'00033_LYS'
    writing acf: 0.0005 [s]
loading for 136/666 00004_ASP 00034_GLY ... ** load time: 0.012 [s]
    cal time: 0.000 [s] for b'00004_ASP' b'00034_GLY'
    writing acf: 0.0004 [s]
loading for 137/666 00004_ASP 00035_LEU ... ** load time: 0.012 [s]
    cal time: 0.000 [s] for b'00004_ASP' b'00035_LEU'
    writing acf: 0.0004 [s]
loading for 138/666 00004_ASP 00036_PHE ... ** load time: 0.012 [s]
    cal time: 0.000 [s] for b'00004_ASP' b'00036_PHE'
    writing acf: 0.0003 [s]
loading for 139/666 00005_GLU 00005_GLU ... ** load time: 0.012 [s]
    cal time: 0.000 [s] for b'00005_GLU' b'00005_GLU'
    writing acf: 0.0004 [s]
loading for 140/666 00005_GLU 00006_ASP ... ** load time: 0.012 [s]
    cal time: 0.000 [s] for b'00005_GLU' b'00006_ASP'
    writing acf: 0.0004 [s]
loading for 141/666 00005_GLU 00007_PHE ... ** load time: 0.012 [s]
    cal time: 0.000 [s] for b'00005_GLU' b'00007_PHE'
    writing acf: 0.0004 [s]
loading for 142/666 00005_GLU 00008_LYS ... ** load time: 0.012 [s]
    cal time: 0.000 [s] for b'00005_GLU' b'00008_LYS'
    writing acf: 0.0004 [s]
loading for 143/666 00005_GLU 00009_ALA ... ** load time: 0.012 [s]
    cal time: 0.000 [s] for b'00005_GLU' b'00009_ALA'
    writing acf: 0.0003 [s]
loading for 144/666 00005_GLU 00010_VAL ... ** load time: 0.012 [s]
    cal time: 0.000 [s] for b'00005_GLU' b'00010_VAL'
    writing acf: 0.0004 [s]
loading for 145/666 00005_GLU 00011_PHE ... ** load time: 0.012 [s]
    cal time: 0.000 [s] for b'00005_GLU' b'00011_PHE'
    writing acf: 0.0003 [s]
loading for 146/666 00005_GLU 00012_GLY ... ** load time: 0.012 [s]
    cal time: 0.000 [s] for b'00005_GLU' b'00012_GLY'
    writing acf: 0.0004 [s]
loading for 147/666 00005_GLU 00013_MET ... ** load time: 0.012 [s]
    cal time: 0.000 [s] for b'00005_GLU' b'00013_MET'
    writing acf: 0.0003 [s]
loading for 148/666 00005_GLU 00014_THR ... ** load time: 0.012 [s]
    cal time: 0.000 [s] for b'00005_GLU' b'00014_THR'
    writing acf: 0.0004 [s]
loading for 149/666 00005_GLU 00015_ARG ... ** load time: 0.012 [s]
    cal time: 0.000 [s] for b'00005_GLU' b'00015_ARG'
    writing acf: 0.0003 [s]
loading for 150/666 00005_GLU 00016_SER ... ** load time: 0.013 [s]
    cal time: 0.000 [s] for b'00005_GLU' b'00016_SER'
    writing acf: 0.0005 [s]
loading for 151/666 00005_GLU 00017_ALA ... ** load time: 0.013 [s]
    cal time: 0.000 [s] for b'00005_GLU' b'00017_ALA'
    writing acf: 0.0004 [s]
loading for 152/666 00005_GLU 00018_PHE ... ** load time: 0.013 [s]
    cal time: 0.000 [s] for b'00005_GLU' b'00018_PHE'
    writing acf: 0.0005 [s]
loading for 153/666 00005_GLU 00019_ALA ... ** load time: 0.013 [s]
    cal time: 0.000 [s] for b'00005_GLU' b'00019_ALA'
    writing acf: 0.0004 [s]
loading for 154/666 00005_GLU 00020_ASN ... ** load time: 0.013 [s]
    cal time: 0.000 [s] for b'00005_GLU' b'00020_ASN'
    writing acf: 0.0004 [s]
loading for 155/666 00005_GLU 00021_LEU ... ** load time: 0.013 [s]
    cal time: 0.000 [s] for b'00005_GLU' b'00021_LEU'
    writing acf: 0.0004 [s]
loading for 156/666 00005_GLU 00022_PRO ... ** load time: 0.013 [s]
    cal time: 0.000 [s] for b'00005_GLU' b'00022_PRO'
    writing acf: 0.0004 [s]
loading for 157/666 00005_GLU 00023_LEU ... ** load time: 0.013 [s]
    cal time: 0.000 [s] for b'00005_GLU' b'00023_LEU'
    writing acf: 0.0004 [s]
loading for 158/666 00005_GLU 00024_TRP ... ** load time: 0.013 [s]
    cal time: 0.000 [s] for b'00005_GLU' b'00024_TRP'
    writing acf: 0.0004 [s]
loading for 159/666 00005_GLU 00025_LYS ... ** load time: 0.013 [s]
    cal time: 0.000 [s] for b'00005_GLU' b'00025_LYS'
    writing acf: 0.0004 [s]
loading for 160/666 00005_GLU 00026_GLN ... ** load time: 0.013 [s]
    cal time: 0.000 [s] for b'00005_GLU' b'00026_GLN'
    writing acf: 0.0004 [s]
loading for 161/666 00005_GLU 00027_GLN ... ** load time: 0.013 [s]
    cal time: 0.000 [s] for b'00005_GLU' b'00027_GLN'
    writing acf: 0.0005 [s]
loading for 162/666 00005_GLU 00028_ASN ... ** load time: 0.013 [s]
    cal time: 0.000 [s] for b'00005_GLU' b'00028_ASN'
    writing acf: 0.0004 [s]
loading for 163/666 00005_GLU 00029_LEU ... ** load time: 0.013 [s]
    cal time: 0.000 [s] for b'00005_GLU' b'00029_LEU'
    writing acf: 0.0004 [s]
loading for 164/666 00005_GLU 00030_LYS ... ** load time: 0.013 [s]
    cal time: 0.000 [s] for b'00005_GLU' b'00030_LYS'
    writing acf: 0.0005 [s]
loading for 165/666 00005_GLU 00031_LYS ... ** load time: 0.013 [s]
    cal time: 0.000 [s] for b'00005_GLU' b'00031_LYS'
    writing acf: 0.0004 [s]
loading for 166/666 00005_GLU 00032_GLU ... ** load time: 0.013 [s]
    cal time: 0.000 [s] for b'00005_GLU' b'00032_GLU'
    writing acf: 0.0005 [s]
loading for 167/666 00005_GLU 00033_LYS ... ** load time: 0.013 [s]
    cal time: 0.000 [s] for b'00005_GLU' b'00033_LYS'
    writing acf: 0.0005 [s]
loading for 168/666 00005_GLU 00034_GLY ... ** load time: 0.013 [s]
    cal time: 0.000 [s] for b'00005_GLU' b'00034_GLY'
    writing acf: 0.0004 [s]
loading for 169/666 00005_GLU 00035_LEU ... ** load time: 0.013 [s]
    cal time: 0.000 [s] for b'00005_GLU' b'00035_LEU'
    writing acf: 0.0004 [s]
loading for 170/666 00005_GLU 00036_PHE ... ** load time: 0.013 [s]
    cal time: 0.000 [s] for b'00005_GLU' b'00036_PHE'
    writing acf: 0.0004 [s]
loading for 171/666 00006_ASP 00006_ASP ... ** load time: 0.013 [s]
    cal time: 0.000 [s] for b'00006_ASP' b'00006_ASP'
    writing acf: 0.0005 [s]
loading for 172/666 00006_ASP 00007_PHE ... ** load time: 0.013 [s]
    cal time: 0.000 [s] for b'00006_ASP' b'00007_PHE'
    writing acf: 0.0004 [s]
loading for 173/666 00006_ASP 00008_LYS ... ** load time: 0.013 [s]
    cal time: 0.000 [s] for b'00006_ASP' b'00008_LYS'
    writing acf: 0.0004 [s]
loading for 174/666 00006_ASP 00009_ALA ... ** load time: 0.013 [s]
    cal time: 0.000 [s] for b'00006_ASP' b'00009_ALA'
    writing acf: 0.0004 [s]
loading for 175/666 00006_ASP 00010_VAL ... ** load time: 0.014 [s]
    cal time: 0.000 [s] for b'00006_ASP' b'00010_VAL'
    writing acf: 0.0005 [s]
loading for 176/666 00006_ASP 00011_PHE ... ** load time: 0.013 [s]
    cal time: 0.000 [s] for b'00006_ASP' b'00011_PHE'
    writing acf: 0.0005 [s]
loading for 177/666 00006_ASP 00012_GLY ... ** load time: 0.014 [s]
    cal time: 0.000 [s] for b'00006_ASP' b'00012_GLY'
    writing acf: 0.0004 [s]
loading for 178/666 00006_ASP 00013_MET ... ** load time: 0.013 [s]
    cal time: 0.000 [s] for b'00006_ASP' b'00013_MET'
    writing acf: 0.0004 [s]
loading for 179/666 00006_ASP 00014_THR ... ** load time: 0.013 [s]
    cal time: 0.000 [s] for b'00006_ASP' b'00014_THR'
    writing acf: 0.0004 [s]
loading for 180/666 00006_ASP 00015_ARG ... ** load time: 0.013 [s]
    cal time: 0.000 [s] for b'00006_ASP' b'00015_ARG'
    writing acf: 0.0004 [s]
loading for 181/666 00006_ASP 00016_SER ... ** load time: 0.013 [s]
    cal time: 0.000 [s] for b'00006_ASP' b'00016_SER'
    writing acf: 0.0004 [s]
loading for 182/666 00006_ASP 00017_ALA ... ** load time: 0.013 [s]
    cal time: 0.000 [s] for b'00006_ASP' b'00017_ALA'
    writing acf: 0.0006 [s]
loading for 183/666 00006_ASP 00018_PHE ... ** load time: 0.013 [s]
    cal time: 0.000 [s] for b'00006_ASP' b'00018_PHE'
    writing acf: 0.0004 [s]
loading for 184/666 00006_ASP 00019_ALA ... ** load time: 0.013 [s]
    cal time: 0.000 [s] for b'00006_ASP' b'00019_ALA'
    writing acf: 0.0004 [s]
loading for 185/666 00006_ASP 00020_ASN ... ** load time: 0.013 [s]
    cal time: 0.000 [s] for b'00006_ASP' b'00020_ASN'
    writing acf: 0.0004 [s]
loading for 186/666 00006_ASP 00021_LEU ... ** load time: 0.013 [s]
    cal time: 0.000 [s] for b'00006_ASP' b'00021_LEU'
    writing acf: 0.0005 [s]
loading for 187/666 00006_ASP 00022_PRO ... ** load time: 0.013 [s]
    cal time: 0.000 [s] for b'00006_ASP' b'00022_PRO'
    writing acf: 0.0005 [s]
loading for 188/666 00006_ASP 00023_LEU ... ** load time: 0.013 [s]
    cal time: 0.000 [s] for b'00006_ASP' b'00023_LEU'
    writing acf: 0.0005 [s]
loading for 189/666 00006_ASP 00024_TRP ... ** load time: 0.013 [s]
    cal time: 0.000 [s] for b'00006_ASP' b'00024_TRP'
    writing acf: 0.0005 [s]
loading for 190/666 00006_ASP 00025_LYS ... ** load time: 0.013 [s]
    cal time: 0.000 [s] for b'00006_ASP' b'00025_LYS'
    writing acf: 0.0004 [s]
loading for 191/666 00006_ASP 00026_GLN ... ** load time: 0.013 [s]
    cal time: 0.000 [s] for b'00006_ASP' b'00026_GLN'
    writing acf: 0.0004 [s]
loading for 192/666 00006_ASP 00027_GLN ... ** load time: 0.013 [s]
    cal time: 0.000 [s] for b'00006_ASP' b'00027_GLN'
    writing acf: 0.0006 [s]
loading for 193/666 00006_ASP 00028_ASN ... ** load time: 0.013 [s]
    cal time: 0.000 [s] for b'00006_ASP' b'00028_ASN'
    writing acf: 0.0005 [s]
loading for 194/666 00006_ASP 00029_LEU ... ** load time: 0.013 [s]
    cal time: 0.000 [s] for b'00006_ASP' b'00029_LEU'
    writing acf: 0.0005 [s]
loading for 195/666 00006_ASP 00030_LYS ... ** load time: 0.013 [s]
    cal time: 0.000 [s] for b'00006_ASP' b'00030_LYS'
    writing acf: 0.0004 [s]
loading for 196/666 00006_ASP 00031_LYS ... ** load time: 0.013 [s]
    cal time: 0.000 [s] for b'00006_ASP' b'00031_LYS'
    writing acf: 0.0004 [s]
loading for 197/666 00006_ASP 00032_GLU ... ** load time: 0.013 [s]
    cal time: 0.000 [s] for b'00006_ASP' b'00032_GLU'
    writing acf: 0.0004 [s]
loading for 198/666 00006_ASP 00033_LYS ... ** load time: 0.013 [s]
    cal time: 0.000 [s] for b'00006_ASP' b'00033_LYS'
    writing acf: 0.0005 [s]
loading for 199/666 00006_ASP 00034_GLY ... ** load time: 0.013 [s]
    cal time: 0.000 [s] for b'00006_ASP' b'00034_GLY'
    writing acf: 0.0004 [s]
loading for 200/666 00006_ASP 00035_LEU ... ** load time: 0.013 [s]
    cal time: 0.000 [s] for b'00006_ASP' b'00035_LEU'
    writing acf: 0.0004 [s]
loading for 201/666 00006_ASP 00036_PHE ... ** load time: 0.013 [s]
    cal time: 0.000 [s] for b'00006_ASP' b'00036_PHE'
    writing acf: 0.0004 [s]
loading for 202/666 00007_PHE 00007_PHE ... ** load time: 0.013 [s]
    cal time: 0.000 [s] for b'00007_PHE' b'00007_PHE'
    writing acf: 0.0004 [s]
loading for 203/666 00007_PHE 00008_LYS ... ** load time: 0.013 [s]
    cal time: 0.000 [s] for b'00007_PHE' b'00008_LYS'
    writing acf: 0.0005 [s]
loading for 204/666 00007_PHE 00009_ALA ... ** load time: 0.013 [s]
    cal time: 0.000 [s] for b'00007_PHE' b'00009_ALA'
    writing acf: 0.0004 [s]
loading for 205/666 00007_PHE 00010_VAL ... ** load time: 0.012 [s]
    cal time: 0.000 [s] for b'00007_PHE' b'00010_VAL'
    writing acf: 0.0004 [s]
loading for 206/666 00007_PHE 00011_PHE ... ** load time: 0.013 [s]
    cal time: 0.000 [s] for b'00007_PHE' b'00011_PHE'
    writing acf: 0.0004 [s]
loading for 207/666 00007_PHE 00012_GLY ... ** load time: 0.012 [s]
    cal time: 0.000 [s] for b'00007_PHE' b'00012_GLY'
    writing acf: 0.0004 [s]
loading for 208/666 00007_PHE 00013_MET ... ** load time: 0.013 [s]
    cal time: 0.000 [s] for b'00007_PHE' b'00013_MET'
    writing acf: 0.0005 [s]
loading for 209/666 00007_PHE 00014_THR ... ** load time: 0.012 [s]
    cal time: 0.000 [s] for b'00007_PHE' b'00014_THR'
    writing acf: 0.0004 [s]
loading for 210/666 00007_PHE 00015_ARG ... ** load time: 0.013 [s]
    cal time: 0.000 [s] for b'00007_PHE' b'00015_ARG'
    writing acf: 0.0004 [s]
loading for 211/666 00007_PHE 00016_SER ... ** load time: 0.012 [s]
    cal time: 0.000 [s] for b'00007_PHE' b'00016_SER'
    writing acf: 0.0004 [s]
loading for 212/666 00007_PHE 00017_ALA ... ** load time: 0.013 [s]
    cal time: 0.000 [s] for b'00007_PHE' b'00017_ALA'
    writing acf: 0.0004 [s]
loading for 213/666 00007_PHE 00018_PHE ... ** load time: 0.012 [s]
    cal time: 0.000 [s] for b'00007_PHE' b'00018_PHE'
    writing acf: 0.0003 [s]
loading for 214/666 00007_PHE 00019_ALA ... ** load time: 0.013 [s]
    cal time: 0.000 [s] for b'00007_PHE' b'00019_ALA'
    writing acf: 0.0005 [s]
loading for 215/666 00007_PHE 00020_ASN ... ** load time: 0.012 [s]
    cal time: 0.000 [s] for b'00007_PHE' b'00020_ASN'
    writing acf: 0.0004 [s]
loading for 216/666 00007_PHE 00021_LEU ... ** load time: 0.013 [s]
    cal time: 0.000 [s] for b'00007_PHE' b'00021_LEU'
    writing acf: 0.0004 [s]
loading for 217/666 00007_PHE 00022_PRO ... ** load time: 0.012 [s]
    cal time: 0.000 [s] for b'00007_PHE' b'00022_PRO'
    writing acf: 0.0004 [s]
loading for 218/666 00007_PHE 00023_LEU ... ** load time: 0.013 [s]
    cal time: 0.000 [s] for b'00007_PHE' b'00023_LEU'
    writing acf: 0.0004 [s]
loading for 219/666 00007_PHE 00024_TRP ... ** load time: 0.012 [s]
    cal time: 0.000 [s] for b'00007_PHE' b'00024_TRP'
    writing acf: 0.0003 [s]
loading for 220/666 00007_PHE 00025_LYS ... ** load time: 0.013 [s]
    cal time: 0.000 [s] for b'00007_PHE' b'00025_LYS'
    writing acf: 0.0004 [s]
loading for 221/666 00007_PHE 00026_GLN ... ** load time: 0.012 [s]
    cal time: 0.000 [s] for b'00007_PHE' b'00026_GLN'
    writing acf: 0.0004 [s]
loading for 222/666 00007_PHE 00027_GLN ... ** load time: 0.013 [s]
    cal time: 0.000 [s] for b'00007_PHE' b'00027_GLN'
    writing acf: 0.0005 [s]
loading for 223/666 00007_PHE 00028_ASN ... ** load time: 0.012 [s]
    cal time: 0.000 [s] for b'00007_PHE' b'00028_ASN'
    writing acf: 0.0004 [s]
loading for 224/666 00007_PHE 00029_LEU ... ** load time: 0.013 [s]
    cal time: 0.000 [s] for b'00007_PHE' b'00029_LEU'
    writing acf: 0.0004 [s]
loading for 225/666 00007_PHE 00030_LYS ... ** load time: 0.012 [s]
    cal time: 0.000 [s] for b'00007_PHE' b'00030_LYS'
    writing acf: 0.0005 [s]
loading for 226/666 00007_PHE 00031_LYS ... ** load time: 0.013 [s]
    cal time: 0.000 [s] for b'00007_PHE' b'00031_LYS'
    writing acf: 0.0005 [s]
loading for 227/666 00007_PHE 00032_GLU ... ** load time: 0.012 [s]
    cal time: 0.000 [s] for b'00007_PHE' b'00032_GLU'
    writing acf: 0.0004 [s]
loading for 228/666 00007_PHE 00033_LYS ... ** load time: 0.013 [s]
    cal time: 0.000 [s] for b'00007_PHE' b'00033_LYS'
    writing acf: 0.0004 [s]
loading for 229/666 00007_PHE 00034_GLY ... ** load time: 0.013 [s]
    cal time: 0.000 [s] for b'00007_PHE' b'00034_GLY'
    writing acf: 0.0004 [s]
loading for 230/666 00007_PHE 00035_LEU ... ** load time: 0.013 [s]
    cal time: 0.000 [s] for b'00007_PHE' b'00035_LEU'
    writing acf: 0.0005 [s]
loading for 231/666 00007_PHE 00036_PHE ... ** load time: 0.013 [s]
    cal time: 0.000 [s] for b'00007_PHE' b'00036_PHE'
    writing acf: 0.0004 [s]
loading for 232/666 00008_LYS 00008_LYS ... ** load time: 0.013 [s]
    cal time: 0.000 [s] for b'00008_LYS' b'00008_LYS'
    writing acf: 0.0004 [s]
loading for 233/666 00008_LYS 00009_ALA ... ** load time: 0.013 [s]
    cal time: 0.000 [s] for b'00008_LYS' b'00009_ALA'
    writing acf: 0.0004 [s]
loading for 234/666 00008_LYS 00010_VAL ... ** load time: 0.013 [s]
    cal time: 0.000 [s] for b'00008_LYS' b'00010_VAL'
    writing acf: 0.0005 [s]
loading for 235/666 00008_LYS 00011_PHE ... ** load time: 0.013 [s]
    cal time: 0.000 [s] for b'00008_LYS' b'00011_PHE'
    writing acf: 0.0004 [s]
loading for 236/666 00008_LYS 00012_GLY ... ** load time: 0.013 [s]
    cal time: 0.000 [s] for b'00008_LYS' b'00012_GLY'
    writing acf: 0.0004 [s]
loading for 237/666 00008_LYS 00013_MET ... ** load time: 0.013 [s]
    cal time: 0.000 [s] for b'00008_LYS' b'00013_MET'
    writing acf: 0.0004 [s]
loading for 238/666 00008_LYS 00014_THR ... ** load time: 0.013 [s]
    cal time: 0.000 [s] for b'00008_LYS' b'00014_THR'
    writing acf: 0.0004 [s]
loading for 239/666 00008_LYS 00015_ARG ... ** load time: 0.013 [s]
    cal time: 0.000 [s] for b'00008_LYS' b'00015_ARG'
    writing acf: 0.0004 [s]
loading for 240/666 00008_LYS 00016_SER ... ** load time: 0.013 [s]
    cal time: 0.000 [s] for b'00008_LYS' b'00016_SER'
    writing acf: 0.0006 [s]
loading for 241/666 00008_LYS 00017_ALA ... ** load time: 0.013 [s]
    cal time: 0.000 [s] for b'00008_LYS' b'00017_ALA'
    writing acf: 0.0004 [s]
loading for 242/666 00008_LYS 00018_PHE ... ** load time: 0.013 [s]
    cal time: 0.000 [s] for b'00008_LYS' b'00018_PHE'
    writing acf: 0.0004 [s]
loading for 243/666 00008_LYS 00019_ALA ... ** load time: 0.013 [s]
    cal time: 0.000 [s] for b'00008_LYS' b'00019_ALA'
    writing acf: 0.0004 [s]
loading for 244/666 00008_LYS 00020_ASN ... ** load time: 0.013 [s]
    cal time: 0.000 [s] for b'00008_LYS' b'00020_ASN'
    writing acf: 0.0005 [s]
loading for 245/666 00008_LYS 00021_LEU ... ** load time: 0.013 [s]
    cal time: 0.000 [s] for b'00008_LYS' b'00021_LEU'
    writing acf: 0.0004 [s]
loading for 246/666 00008_LYS 00022_PRO ... ** load time: 0.013 [s]
    cal time: 0.000 [s] for b'00008_LYS' b'00022_PRO'
    writing acf: 0.0004 [s]
loading for 247/666 00008_LYS 00023_LEU ... ** load time: 0.013 [s]
    cal time: 0.000 [s] for b'00008_LYS' b'00023_LEU'
    writing acf: 0.0004 [s]
loading for 248/666 00008_LYS 00024_TRP ... ** load time: 0.013 [s]
    cal time: 0.000 [s] for b'00008_LYS' b'00024_TRP'
    writing acf: 0.0004 [s]
loading for 249/666 00008_LYS 00025_LYS ... ** load time: 0.013 [s]
    cal time: 0.000 [s] for b'00008_LYS' b'00025_LYS'
    writing acf: 0.0005 [s]
loading for 250/666 00008_LYS 00026_GLN ... ** load time: 0.013 [s]
    cal time: 0.000 [s] for b'00008_LYS' b'00026_GLN'
    writing acf: 0.0005 [s]
loading for 251/666 00008_LYS 00027_GLN ... ** load time: 0.013 [s]
    cal time: 0.000 [s] for b'00008_LYS' b'00027_GLN'
    writing acf: 0.0004 [s]
loading for 252/666 00008_LYS 00028_ASN ... ** load time: 0.013 [s]
    cal time: 0.000 [s] for b'00008_LYS' b'00028_ASN'
    writing acf: 0.0004 [s]
loading for 253/666 00008_LYS 00029_LEU ... ** load time: 0.013 [s]
    cal time: 0.000 [s] for b'00008_LYS' b'00029_LEU'
    writing acf: 0.0004 [s]
loading for 254/666 00008_LYS 00030_LYS ... ** load time: 0.013 [s]
    cal time: 0.000 [s] for b'00008_LYS' b'00030_LYS'
    writing acf: 0.0005 [s]
loading for 255/666 00008_LYS 00031_LYS ... ** load time: 0.013 [s]
    cal time: 0.000 [s] for b'00008_LYS' b'00031_LYS'
    writing acf: 0.0004 [s]
loading for 256/666 00008_LYS 00032_GLU ... ** load time: 0.013 [s]
    cal time: 0.000 [s] for b'00008_LYS' b'00032_GLU'
    writing acf: 0.0004 [s]
loading for 257/666 00008_LYS 00033_LYS ... ** load time: 0.013 [s]
    cal time: 0.000 [s] for b'00008_LYS' b'00033_LYS'
    writing acf: 0.0004 [s]
loading for 258/666 00008_LYS 00034_GLY ... ** load time: 0.013 [s]
    cal time: 0.000 [s] for b'00008_LYS' b'00034_GLY'
    writing acf: 0.0004 [s]
loading for 259/666 00008_LYS 00035_LEU ... ** load time: 0.013 [s]
    cal time: 0.000 [s] for b'00008_LYS' b'00035_LEU'
    writing acf: 0.0005 [s]
loading for 260/666 00008_LYS 00036_PHE ... ** load time: 0.013 [s]
    cal time: 0.000 [s] for b'00008_LYS' b'00036_PHE'
    writing acf: 0.0004 [s]
loading for 261/666 00009_ALA 00009_ALA ... ** load time: 0.013 [s]
    cal time: 0.000 [s] for b'00009_ALA' b'00009_ALA'
    writing acf: 0.0005 [s]
loading for 262/666 00009_ALA 00010_VAL ... ** load time: 0.013 [s]
    cal time: 0.000 [s] for b'00009_ALA' b'00010_VAL'
    writing acf: 0.0005 [s]
loading for 263/666 00009_ALA 00011_PHE ... ** load time: 0.013 [s]
    cal time: 0.000 [s] for b'00009_ALA' b'00011_PHE'
    writing acf: 0.0005 [s]
loading for 264/666 00009_ALA 00012_GLY ... ** load time: 0.013 [s]
    cal time: 0.000 [s] for b'00009_ALA' b'00012_GLY'
    writing acf: 0.0005 [s]
loading for 265/666 00009_ALA 00013_MET ... ** load time: 0.013 [s]
    cal time: 0.000 [s] for b'00009_ALA' b'00013_MET'
    writing acf: 0.0004 [s]
loading for 266/666 00009_ALA 00014_THR ... ** load time: 0.013 [s]
    cal time: 0.000 [s] for b'00009_ALA' b'00014_THR'
    writing acf: 0.0004 [s]
loading for 267/666 00009_ALA 00015_ARG ... ** load time: 0.013 [s]
    cal time: 0.000 [s] for b'00009_ALA' b'00015_ARG'
    writing acf: 0.0004 [s]
loading for 268/666 00009_ALA 00016_SER ... ** load time: 0.013 [s]
    cal time: 0.000 [s] for b'00009_ALA' b'00016_SER'
    writing acf: 0.0004 [s]
loading for 269/666 00009_ALA 00017_ALA ... ** load time: 0.013 [s]
    cal time: 0.000 [s] for b'00009_ALA' b'00017_ALA'
    writing acf: 0.0004 [s]
loading for 270/666 00009_ALA 00018_PHE ... ** load time: 0.013 [s]
    cal time: 0.000 [s] for b'00009_ALA' b'00018_PHE'
    writing acf: 0.0004 [s]
loading for 271/666 00009_ALA 00019_ALA ... ** load time: 0.013 [s]
    cal time: 0.000 [s] for b'00009_ALA' b'00019_ALA'
    writing acf: 0.0004 [s]
loading for 272/666 00009_ALA 00020_ASN ... ** load time: 0.013 [s]
    cal time: 0.000 [s] for b'00009_ALA' b'00020_ASN'
    writing acf: 0.0004 [s]
loading for 273/666 00009_ALA 00021_LEU ... ** load time: 0.013 [s]
    cal time: 0.000 [s] for b'00009_ALA' b'00021_LEU'
    writing acf: 0.0004 [s]
loading for 274/666 00009_ALA 00022_PRO ... ** load time: 0.013 [s]
    cal time: 0.000 [s] for b'00009_ALA' b'00022_PRO'
    writing acf: 0.0004 [s]
loading for 275/666 00009_ALA 00023_LEU ... ** load time: 0.013 [s]
    cal time: 0.000 [s] for b'00009_ALA' b'00023_LEU'
    writing acf: 0.0005 [s]
loading for 276/666 00009_ALA 00024_TRP ... ** load time: 0.013 [s]
    cal time: 0.000 [s] for b'00009_ALA' b'00024_TRP'
    writing acf: 0.0004 [s]
loading for 277/666 00009_ALA 00025_LYS ... ** load time: 0.013 [s]
    cal time: 0.000 [s] for b'00009_ALA' b'00025_LYS'
    writing acf: 0.0004 [s]
loading for 278/666 00009_ALA 00026_GLN ... ** load time: 0.013 [s]
    cal time: 0.000 [s] for b'00009_ALA' b'00026_GLN'
    writing acf: 0.0004 [s]
loading for 279/666 00009_ALA 00027_GLN ... ** load time: 0.013 [s]
    cal time: 0.000 [s] for b'00009_ALA' b'00027_GLN'
    writing acf: 0.0004 [s]
loading for 280/666 00009_ALA 00028_ASN ... ** load time: 0.013 [s]
    cal time: 0.000 [s] for b'00009_ALA' b'00028_ASN'
    writing acf: 0.0004 [s]
loading for 281/666 00009_ALA 00029_LEU ... ** load time: 0.013 [s]
    cal time: 0.000 [s] for b'00009_ALA' b'00029_LEU'
    writing acf: 0.0007 [s]
loading for 282/666 00009_ALA 00030_LYS ... ** load time: 0.013 [s]
    cal time: 0.000 [s] for b'00009_ALA' b'00030_LYS'
    writing acf: 0.0004 [s]
loading for 283/666 00009_ALA 00031_LYS ... ** load time: 0.013 [s]
    cal time: 0.000 [s] for b'00009_ALA' b'00031_LYS'
    writing acf: 0.0005 [s]
loading for 284/666 00009_ALA 00032_GLU ... ** load time: 0.013 [s]
    cal time: 0.000 [s] for b'00009_ALA' b'00032_GLU'
    writing acf: 0.0004 [s]
loading for 285/666 00009_ALA 00033_LYS ... ** load time: 0.013 [s]
    cal time: 0.000 [s] for b'00009_ALA' b'00033_LYS'
    writing acf: 0.0005 [s]
loading for 286/666 00009_ALA 00034_GLY ... ** load time: 0.013 [s]
    cal time: 0.000 [s] for b'00009_ALA' b'00034_GLY'
    writing acf: 0.0004 [s]
loading for 287/666 00009_ALA 00035_LEU ... ** load time: 0.013 [s]
    cal time: 0.000 [s] for b'00009_ALA' b'00035_LEU'
    writing acf: 0.0004 [s]
loading for 288/666 00009_ALA 00036_PHE ... ** load time: 0.013 [s]
    cal time: 0.000 [s] for b'00009_ALA' b'00036_PHE'
    writing acf: 0.0005 [s]
loading for 289/666 00010_VAL 00010_VAL ... ** load time: 0.013 [s]
    cal time: 0.000 [s] for b'00010_VAL' b'00010_VAL'
    writing acf: 0.0004 [s]
loading for 290/666 00010_VAL 00011_PHE ... ** load time: 0.013 [s]
    cal time: 0.000 [s] for b'00010_VAL' b'00011_PHE'
    writing acf: 0.0004 [s]
loading for 291/666 00010_VAL 00012_GLY ... ** load time: 0.013 [s]
    cal time: 0.000 [s] for b'00010_VAL' b'00012_GLY'
    writing acf: 0.0004 [s]
loading for 292/666 00010_VAL 00013_MET ... ** load time: 0.013 [s]
    cal time: 0.000 [s] for b'00010_VAL' b'00013_MET'
    writing acf: 0.0005 [s]
loading for 293/666 00010_VAL 00014_THR ... ** load time: 0.013 [s]
    cal time: 0.000 [s] for b'00010_VAL' b'00014_THR'
    writing acf: 0.0004 [s]
loading for 294/666 00010_VAL 00015_ARG ... ** load time: 0.013 [s]
    cal time: 0.000 [s] for b'00010_VAL' b'00015_ARG'
    writing acf: 0.0005 [s]
loading for 295/666 00010_VAL 00016_SER ... ** load time: 0.013 [s]
    cal time: 0.000 [s] for b'00010_VAL' b'00016_SER'
    writing acf: 0.0004 [s]
loading for 296/666 00010_VAL 00017_ALA ... ** load time: 0.013 [s]
    cal time: 0.000 [s] for b'00010_VAL' b'00017_ALA'
    writing acf: 0.0005 [s]
loading for 297/666 00010_VAL 00018_PHE ... ** load time: 0.013 [s]
    cal time: 0.000 [s] for b'00010_VAL' b'00018_PHE'
    writing acf: 0.0004 [s]
loading for 298/666 00010_VAL 00019_ALA ... ** load time: 0.013 [s]
    cal time: 0.000 [s] for b'00010_VAL' b'00019_ALA'
    writing acf: 0.0004 [s]
loading for 299/666 00010_VAL 00020_ASN ... ** load time: 0.013 [s]
    cal time: 0.000 [s] for b'00010_VAL' b'00020_ASN'
    writing acf: 0.0004 [s]
loading for 300/666 00010_VAL 00021_LEU ... ** load time: 0.013 [s]
    cal time: 0.000 [s] for b'00010_VAL' b'00021_LEU'
    writing acf: 0.0004 [s]
loading for 301/666 00010_VAL 00022_PRO ... ** load time: 0.013 [s]
    cal time: 0.000 [s] for b'00010_VAL' b'00022_PRO'
    writing acf: 0.0005 [s]
loading for 302/666 00010_VAL 00023_LEU ... ** load time: 0.013 [s]
    cal time: 0.000 [s] for b'00010_VAL' b'00023_LEU'
    writing acf: 0.0004 [s]
loading for 303/666 00010_VAL 00024_TRP ... ** load time: 0.013 [s]
    cal time: 0.000 [s] for b'00010_VAL' b'00024_TRP'
    writing acf: 0.0006 [s]
loading for 304/666 00010_VAL 00025_LYS ... ** load time: 0.013 [s]
    cal time: 0.000 [s] for b'00010_VAL' b'00025_LYS'
    writing acf: 0.0004 [s]
loading for 305/666 00010_VAL 00026_GLN ... ** load time: 0.014 [s]
    cal time: 0.000 [s] for b'00010_VAL' b'00026_GLN'
    writing acf: 0.0004 [s]
loading for 306/666 00010_VAL 00027_GLN ... ** load time: 0.013 [s]
    cal time: 0.000 [s] for b'00010_VAL' b'00027_GLN'
    writing acf: 0.0005 [s]
loading for 307/666 00010_VAL 00028_ASN ... ** load time: 0.013 [s]
    cal time: 0.000 [s] for b'00010_VAL' b'00028_ASN'
    writing acf: 0.0004 [s]
loading for 308/666 00010_VAL 00029_LEU ... ** load time: 0.013 [s]
    cal time: 0.000 [s] for b'00010_VAL' b'00029_LEU'
    writing acf: 0.0005 [s]
loading for 309/666 00010_VAL 00030_LYS ... ** load time: 0.013 [s]
    cal time: 0.000 [s] for b'00010_VAL' b'00030_LYS'
    writing acf: 0.0004 [s]
loading for 310/666 00010_VAL 00031_LYS ... ** load time: 0.013 [s]
    cal time: 0.000 [s] for b'00010_VAL' b'00031_LYS'
    writing acf: 0.0004 [s]
loading for 311/666 00010_VAL 00032_GLU ... ** load time: 0.013 [s]
    cal time: 0.000 [s] for b'00010_VAL' b'00032_GLU'
    writing acf: 0.0005 [s]
loading for 312/666 00010_VAL 00033_LYS ... ** load time: 0.013 [s]
    cal time: 0.000 [s] for b'00010_VAL' b'00033_LYS'
    writing acf: 0.0004 [s]
loading for 313/666 00010_VAL 00034_GLY ... ** load time: 0.013 [s]
    cal time: 0.000 [s] for b'00010_VAL' b'00034_GLY'
    writing acf: 0.0004 [s]
loading for 314/666 00010_VAL 00035_LEU ... ** load time: 0.013 [s]
    cal time: 0.000 [s] for b'00010_VAL' b'00035_LEU'
    writing acf: 0.0004 [s]
loading for 315/666 00010_VAL 00036_PHE ... ** load time: 0.013 [s]
    cal time: 0.000 [s] for b'00010_VAL' b'00036_PHE'
    writing acf: 0.0004 [s]
loading for 316/666 00011_PHE 00011_PHE ... ** load time: 0.013 [s]
    cal time: 0.000 [s] for b'00011_PHE' b'00011_PHE'
    writing acf: 0.0004 [s]
loading for 317/666 00011_PHE 00012_GLY ... ** load time: 0.013 [s]
    cal time: 0.000 [s] for b'00011_PHE' b'00012_GLY'
    writing acf: 0.0005 [s]
loading for 318/666 00011_PHE 00013_MET ... ** load time: 0.013 [s]
    cal time: 0.000 [s] for b'00011_PHE' b'00013_MET'
    writing acf: 0.0005 [s]
loading for 319/666 00011_PHE 00014_THR ... ** load time: 0.013 [s]
    cal time: 0.000 [s] for b'00011_PHE' b'00014_THR'
    writing acf: 0.0004 [s]
loading for 320/666 00011_PHE 00015_ARG ... ** load time: 0.013 [s]
    cal time: 0.000 [s] for b'00011_PHE' b'00015_ARG'
    writing acf: 0.0004 [s]
loading for 321/666 00011_PHE 00016_SER ... ** load time: 0.013 [s]
    cal time: 0.000 [s] for b'00011_PHE' b'00016_SER'
    writing acf: 0.0004 [s]
loading for 322/666 00011_PHE 00017_ALA ... ** load time: 0.013 [s]
    cal time: 0.000 [s] for b'00011_PHE' b'00017_ALA'
    writing acf: 0.0005 [s]
loading for 323/666 00011_PHE 00018_PHE ... ** load time: 0.013 [s]
    cal time: 0.000 [s] for b'00011_PHE' b'00018_PHE'
    writing acf: 0.0004 [s]
loading for 324/666 00011_PHE 00019_ALA ... ** load time: 0.013 [s]
    cal time: 0.000 [s] for b'00011_PHE' b'00019_ALA'
    writing acf: 0.0004 [s]
loading for 325/666 00011_PHE 00020_ASN ... ** load time: 0.013 [s]
    cal time: 0.000 [s] for b'00011_PHE' b'00020_ASN'
    writing acf: 0.0005 [s]
loading for 326/666 00011_PHE 00021_LEU ... ** load time: 0.013 [s]
    cal time: 0.000 [s] for b'00011_PHE' b'00021_LEU'
    writing acf: 0.0004 [s]
loading for 327/666 00011_PHE 00022_PRO ... ** load time: 0.013 [s]
    cal time: 0.000 [s] for b'00011_PHE' b'00022_PRO'
    writing acf: 0.0005 [s]
loading for 328/666 00011_PHE 00023_LEU ... ** load time: 0.013 [s]
    cal time: 0.000 [s] for b'00011_PHE' b'00023_LEU'
    writing acf: 0.0005 [s]
loading for 329/666 00011_PHE 00024_TRP ... ** load time: 0.013 [s]
    cal time: 0.000 [s] for b'00011_PHE' b'00024_TRP'
    writing acf: 0.0005 [s]
loading for 330/666 00011_PHE 00025_LYS ... ** load time: 0.013 [s]
    cal time: 0.000 [s] for b'00011_PHE' b'00025_LYS'
    writing acf: 0.0004 [s]
loading for 331/666 00011_PHE 00026_GLN ... ** load time: 0.013 [s]
    cal time: 0.000 [s] for b'00011_PHE' b'00026_GLN'
    writing acf: 0.0004 [s]
loading for 332/666 00011_PHE 00027_GLN ... ** load time: 0.013 [s]
    cal time: 0.000 [s] for b'00011_PHE' b'00027_GLN'
    writing acf: 0.0004 [s]
loading for 333/666 00011_PHE 00028_ASN ... ** load time: 0.013 [s]
    cal time: 0.000 [s] for b'00011_PHE' b'00028_ASN'
    writing acf: 0.0007 [s]
loading for 334/666 00011_PHE 00029_LEU ... ** load time: 0.013 [s]
    cal time: 0.000 [s] for b'00011_PHE' b'00029_LEU'
    writing acf: 0.0004 [s]
loading for 335/666 00011_PHE 00030_LYS ... ** load time: 0.013 [s]
    cal time: 0.000 [s] for b'00011_PHE' b'00030_LYS'
    writing acf: 0.0005 [s]
loading for 336/666 00011_PHE 00031_LYS ... ** load time: 0.013 [s]
    cal time: 0.000 [s] for b'00011_PHE' b'00031_LYS'
    writing acf: 0.0005 [s]
loading for 337/666 00011_PHE 00032_GLU ... ** load time: 0.014 [s]
    cal time: 0.000 [s] for b'00011_PHE' b'00032_GLU'
    writing acf: 0.0006 [s]
loading for 338/666 00011_PHE 00033_LYS ... ** load time: 0.016 [s]
    cal time: 0.000 [s] for b'00011_PHE' b'00033_LYS'
    writing acf: 0.0004 [s]
loading for 339/666 00011_PHE 00034_GLY ... ** load time: 0.013 [s]
    cal time: 0.000 [s] for b'00011_PHE' b'00034_GLY'
    writing acf: 0.0004 [s]
loading for 340/666 00011_PHE 00035_LEU ... ** load time: 0.013 [s]
    cal time: 0.000 [s] for b'00011_PHE' b'00035_LEU'
    writing acf: 0.0005 [s]
loading for 341/666 00011_PHE 00036_PHE ... ** load time: 0.013 [s]
    cal time: 0.000 [s] for b'00011_PHE' b'00036_PHE'
    writing acf: 0.0004 [s]
loading for 342/666 00012_GLY 00012_GLY ... ** load time: 0.013 [s]
    cal time: 0.000 [s] for b'00012_GLY' b'00012_GLY'
    writing acf: 0.0004 [s]
loading for 343/666 00012_GLY 00013_MET ... ** load time: 0.013 [s]
    cal time: 0.000 [s] for b'00012_GLY' b'00013_MET'
    writing acf: 0.0004 [s]
loading for 344/666 00012_GLY 00014_THR ... ** load time: 0.013 [s]
    cal time: 0.000 [s] for b'00012_GLY' b'00014_THR'
    writing acf: 0.0004 [s]
loading for 345/666 00012_GLY 00015_ARG ... ** load time: 0.013 [s]
    cal time: 0.000 [s] for b'00012_GLY' b'00015_ARG'
    writing acf: 0.0004 [s]
loading for 346/666 00012_GLY 00016_SER ... ** load time: 0.013 [s]
    cal time: 0.000 [s] for b'00012_GLY' b'00016_SER'
    writing acf: 0.0005 [s]
loading for 347/666 00012_GLY 00017_ALA ... ** load time: 0.013 [s]
    cal time: 0.000 [s] for b'00012_GLY' b'00017_ALA'
    writing acf: 0.0004 [s]
loading for 348/666 00012_GLY 00018_PHE ... ** load time: 0.013 [s]
    cal time: 0.000 [s] for b'00012_GLY' b'00018_PHE'
    writing acf: 0.0005 [s]
loading for 349/666 00012_GLY 00019_ALA ... ** load time: 0.013 [s]
    cal time: 0.000 [s] for b'00012_GLY' b'00019_ALA'
    writing acf: 0.0004 [s]
loading for 350/666 00012_GLY 00020_ASN ... ** load time: 0.013 [s]
    cal time: 0.000 [s] for b'00012_GLY' b'00020_ASN'
    writing acf: 0.0005 [s]
loading for 351/666 00012_GLY 00021_LEU ... ** load time: 0.013 [s]
    cal time: 0.000 [s] for b'00012_GLY' b'00021_LEU'
    writing acf: 0.0004 [s]
loading for 352/666 00012_GLY 00022_PRO ... ** load time: 0.013 [s]
    cal time: 0.000 [s] for b'00012_GLY' b'00022_PRO'
    writing acf: 0.0004 [s]
loading for 353/666 00012_GLY 00023_LEU ... ** load time: 0.014 [s]
    cal time: 0.000 [s] for b'00012_GLY' b'00023_LEU'
    writing acf: 0.0004 [s]
loading for 354/666 00012_GLY 00024_TRP ... ** load time: 0.013 [s]
    cal time: 0.000 [s] for b'00012_GLY' b'00024_TRP'
    writing acf: 0.0004 [s]
loading for 355/666 00012_GLY 00025_LYS ... ** load time: 0.013 [s]
    cal time: 0.000 [s] for b'00012_GLY' b'00025_LYS'
    writing acf: 0.0004 [s]
loading for 356/666 00012_GLY 00026_GLN ... ** load time: 0.013 [s]
    cal time: 0.000 [s] for b'00012_GLY' b'00026_GLN'
    writing acf: 0.0005 [s]
loading for 357/666 00012_GLY 00027_GLN ... ** load time: 0.013 [s]
    cal time: 0.000 [s] for b'00012_GLY' b'00027_GLN'
    writing acf: 0.0004 [s]
loading for 358/666 00012_GLY 00028_ASN ... ** load time: 0.013 [s]
    cal time: 0.000 [s] for b'00012_GLY' b'00028_ASN'
    writing acf: 0.0005 [s]
loading for 359/666 00012_GLY 00029_LEU ... ** load time: 0.013 [s]
    cal time: 0.000 [s] for b'00012_GLY' b'00029_LEU'
    writing acf: 0.0004 [s]
loading for 360/666 00012_GLY 00030_LYS ... ** load time: 0.013 [s]
    cal time: 0.000 [s] for b'00012_GLY' b'00030_LYS'
    writing acf: 0.0004 [s]
loading for 361/666 00012_GLY 00031_LYS ... ** load time: 0.013 [s]
    cal time: 0.000 [s] for b'00012_GLY' b'00031_LYS'
    writing acf: 0.0004 [s]
loading for 362/666 00012_GLY 00032_GLU ... ** load time: 0.013 [s]
    cal time: 0.000 [s] for b'00012_GLY' b'00032_GLU'
    writing acf: 0.0005 [s]
loading for 363/666 00012_GLY 00033_LYS ... ** load time: 0.013 [s]
    cal time: 0.000 [s] for b'00012_GLY' b'00033_LYS'
    writing acf: 0.0005 [s]
loading for 364/666 00012_GLY 00034_GLY ... ** load time: 0.013 [s]
    cal time: 0.000 [s] for b'00012_GLY' b'00034_GLY'
    writing acf: 0.0004 [s]
loading for 365/666 00012_GLY 00035_LEU ... ** load time: 0.013 [s]
    cal time: 0.000 [s] for b'00012_GLY' b'00035_LEU'
    writing acf: 0.0004 [s]
loading for 366/666 00012_GLY 00036_PHE ... ** load time: 0.013 [s]
    cal time: 0.000 [s] for b'00012_GLY' b'00036_PHE'
    writing acf: 0.0004 [s]
loading for 367/666 00013_MET 00013_MET ... ** load time: 0.013 [s]
    cal time: 0.000 [s] for b'00013_MET' b'00013_MET'
    writing acf: 0.0004 [s]
loading for 368/666 00013_MET 00014_THR ... ** load time: 0.013 [s]
    cal time: 0.000 [s] for b'00013_MET' b'00014_THR'
    writing acf: 0.0004 [s]
loading for 369/666 00013_MET 00015_ARG ... ** load time: 0.013 [s]
    cal time: 0.000 [s] for b'00013_MET' b'00015_ARG'
    writing acf: 0.0004 [s]
loading for 370/666 00013_MET 00016_SER ... ** load time: 0.013 [s]
    cal time: 0.000 [s] for b'00013_MET' b'00016_SER'
    writing acf: 0.0005 [s]
loading for 371/666 00013_MET 00017_ALA ... ** load time: 0.013 [s]
    cal time: 0.000 [s] for b'00013_MET' b'00017_ALA'
    writing acf: 0.0004 [s]
loading for 372/666 00013_MET 00018_PHE ... ** load time: 0.013 [s]
    cal time: 0.000 [s] for b'00013_MET' b'00018_PHE'
    writing acf: 0.0004 [s]
loading for 373/666 00013_MET 00019_ALA ... ** load time: 0.013 [s]
    cal time: 0.000 [s] for b'00013_MET' b'00019_ALA'
    writing acf: 0.0004 [s]
loading for 374/666 00013_MET 00020_ASN ... ** load time: 0.013 [s]
    cal time: 0.000 [s] for b'00013_MET' b'00020_ASN'
    writing acf: 0.0004 [s]
loading for 375/666 00013_MET 00021_LEU ... ** load time: 0.013 [s]
    cal time: 0.000 [s] for b'00013_MET' b'00021_LEU'
    writing acf: 0.0004 [s]
loading for 376/666 00013_MET 00022_PRO ... ** load time: 0.013 [s]
    cal time: 0.000 [s] for b'00013_MET' b'00022_PRO'
    writing acf: 0.0004 [s]
loading for 377/666 00013_MET 00023_LEU ... ** load time: 0.013 [s]
    cal time: 0.000 [s] for b'00013_MET' b'00023_LEU'
    writing acf: 0.0004 [s]
loading for 378/666 00013_MET 00024_TRP ... ** load time: 0.013 [s]
    cal time: 0.000 [s] for b'00013_MET' b'00024_TRP'
    writing acf: 0.0004 [s]
loading for 379/666 00013_MET 00025_LYS ... ** load time: 0.013 [s]
    cal time: 0.000 [s] for b'00013_MET' b'00025_LYS'
    writing acf: 0.0004 [s]
loading for 380/666 00013_MET 00026_GLN ... ** load time: 0.013 [s]
    cal time: 0.000 [s] for b'00013_MET' b'00026_GLN'
    writing acf: 0.0004 [s]
loading for 381/666 00013_MET 00027_GLN ... ** load time: 0.013 [s]
    cal time: 0.000 [s] for b'00013_MET' b'00027_GLN'
    writing acf: 0.0004 [s]
loading for 382/666 00013_MET 00028_ASN ... ** load time: 0.013 [s]
    cal time: 0.000 [s] for b'00013_MET' b'00028_ASN'
    writing acf: 0.0004 [s]
loading for 383/666 00013_MET 00029_LEU ... ** load time: 0.013 [s]
    cal time: 0.000 [s] for b'00013_MET' b'00029_LEU'
    writing acf: 0.0005 [s]
loading for 384/666 00013_MET 00030_LYS ... ** load time: 0.013 [s]
    cal time: 0.000 [s] for b'00013_MET' b'00030_LYS'
    writing acf: 0.0008 [s]
loading for 385/666 00013_MET 00031_LYS ... ** load time: 0.013 [s]
    cal time: 0.000 [s] for b'00013_MET' b'00031_LYS'
    writing acf: 0.0004 [s]
loading for 386/666 00013_MET 00032_GLU ... ** load time: 0.013 [s]
    cal time: 0.000 [s] for b'00013_MET' b'00032_GLU'
    writing acf: 0.0004 [s]
loading for 387/666 00013_MET 00033_LYS ... ** load time: 0.013 [s]
    cal time: 0.000 [s] for b'00013_MET' b'00033_LYS'
    writing acf: 0.0004 [s]
loading for 388/666 00013_MET 00034_GLY ... ** load time: 0.013 [s]
    cal time: 0.000 [s] for b'00013_MET' b'00034_GLY'
    writing acf: 0.0004 [s]
loading for 389/666 00013_MET 00035_LEU ... ** load time: 0.013 [s]
    cal time: 0.000 [s] for b'00013_MET' b'00035_LEU'
    writing acf: 0.0004 [s]
loading for 390/666 00013_MET 00036_PHE ... ** load time: 0.013 [s]
    cal time: 0.000 [s] for b'00013_MET' b'00036_PHE'
    writing acf: 0.0005 [s]
loading for 391/666 00014_THR 00014_THR ... ** load time: 0.013 [s]
    cal time: 0.000 [s] for b'00014_THR' b'00014_THR'
    writing acf: 0.0004 [s]
loading for 392/666 00014_THR 00015_ARG ... ** load time: 0.013 [s]
    cal time: 0.000 [s] for b'00014_THR' b'00015_ARG'
    writing acf: 0.0005 [s]
loading for 393/666 00014_THR 00016_SER ... ** load time: 0.013 [s]
    cal time: 0.000 [s] for b'00014_THR' b'00016_SER'
    writing acf: 0.0004 [s]
loading for 394/666 00014_THR 00017_ALA ... ** load time: 0.013 [s]
    cal time: 0.000 [s] for b'00014_THR' b'00017_ALA'
    writing acf: 0.0005 [s]
loading for 395/666 00014_THR 00018_PHE ... ** load time: 0.013 [s]
    cal time: 0.000 [s] for b'00014_THR' b'00018_PHE'
    writing acf: 0.0004 [s]
loading for 396/666 00014_THR 00019_ALA ... ** load time: 0.013 [s]
    cal time: 0.000 [s] for b'00014_THR' b'00019_ALA'
    writing acf: 0.0004 [s]
loading for 397/666 00014_THR 00020_ASN ... ** load time: 0.013 [s]
    cal time: 0.000 [s] for b'00014_THR' b'00020_ASN'
    writing acf: 0.0004 [s]
loading for 398/666 00014_THR 00021_LEU ... ** load time: 0.013 [s]
    cal time: 0.000 [s] for b'00014_THR' b'00021_LEU'
    writing acf: 0.0004 [s]
loading for 399/666 00014_THR 00022_PRO ... ** load time: 0.013 [s]
    cal time: 0.000 [s] for b'00014_THR' b'00022_PRO'
    writing acf: 0.0005 [s]
loading for 400/666 00014_THR 00023_LEU ... ** load time: 0.013 [s]
    cal time: 0.000 [s] for b'00014_THR' b'00023_LEU'
    writing acf: 0.0004 [s]
loading for 401/666 00014_THR 00024_TRP ... ** load time: 0.013 [s]
    cal time: 0.000 [s] for b'00014_THR' b'00024_TRP'
    writing acf: 0.0004 [s]
loading for 402/666 00014_THR 00025_LYS ... ** load time: 0.012 [s]
    cal time: 0.000 [s] for b'00014_THR' b'00025_LYS'
    writing acf: 0.0003 [s]
loading for 403/666 00014_THR 00026_GLN ... ** load time: 0.013 [s]
    cal time: 0.000 [s] for b'00014_THR' b'00026_GLN'
    writing acf: 0.0004 [s]
loading for 404/666 00014_THR 00027_GLN ... ** load time: 0.013 [s]
    cal time: 0.000 [s] for b'00014_THR' b'00027_GLN'
    writing acf: 0.0004 [s]
loading for 405/666 00014_THR 00028_ASN ... ** load time: 0.013 [s]
    cal time: 0.000 [s] for b'00014_THR' b'00028_ASN'
    writing acf: 0.0004 [s]
loading for 406/666 00014_THR 00029_LEU ... ** load time: 0.012 [s]
    cal time: 0.000 [s] for b'00014_THR' b'00029_LEU'
    writing acf: 0.0004 [s]
loading for 407/666 00014_THR 00030_LYS ... ** load time: 0.013 [s]
    cal time: 0.000 [s] for b'00014_THR' b'00030_LYS'
    writing acf: 0.0004 [s]
loading for 408/666 00014_THR 00031_LYS ... ** load time: 0.012 [s]
    cal time: 0.000 [s] for b'00014_THR' b'00031_LYS'
    writing acf: 0.0003 [s]
loading for 409/666 00014_THR 00032_GLU ... ** load time: 0.013 [s]
    cal time: 0.000 [s] for b'00014_THR' b'00032_GLU'
    writing acf: 0.0004 [s]
loading for 410/666 00014_THR 00033_LYS ... ** load time: 0.012 [s]
    cal time: 0.000 [s] for b'00014_THR' b'00033_LYS'
    writing acf: 0.0004 [s]
loading for 411/666 00014_THR 00034_GLY ... ** load time: 0.013 [s]
    cal time: 0.000 [s] for b'00014_THR' b'00034_GLY'
    writing acf: 0.0004 [s]
loading for 412/666 00014_THR 00035_LEU ... ** load time: 0.013 [s]
    cal time: 0.000 [s] for b'00014_THR' b'00035_LEU'
    writing acf: 0.0004 [s]
loading for 413/666 00014_THR 00036_PHE ... ** load time: 0.013 [s]
    cal time: 0.000 [s] for b'00014_THR' b'00036_PHE'
    writing acf: 0.0004 [s]
loading for 414/666 00015_ARG 00015_ARG ... ** load time: 0.012 [s]
    cal time: 0.000 [s] for b'00015_ARG' b'00015_ARG'
    writing acf: 0.0003 [s]
loading for 415/666 00015_ARG 00016_SER ... ** load time: 0.013 [s]
    cal time: 0.000 [s] for b'00015_ARG' b'00016_SER'
    writing acf: 0.0004 [s]
loading for 416/666 00015_ARG 00017_ALA ... ** load time: 0.012 [s]
    cal time: 0.000 [s] for b'00015_ARG' b'00017_ALA'
    writing acf: 0.0005 [s]
loading for 417/666 00015_ARG 00018_PHE ... ** load time: 0.013 [s]
    cal time: 0.000 [s] for b'00015_ARG' b'00018_PHE'
    writing acf: 0.0004 [s]
loading for 418/666 00015_ARG 00019_ALA ... ** load time: 0.012 [s]
    cal time: 0.000 [s] for b'00015_ARG' b'00019_ALA'
    writing acf: 0.0004 [s]
loading for 419/666 00015_ARG 00020_ASN ... ** load time: 0.013 [s]
    cal time: 0.000 [s] for b'00015_ARG' b'00020_ASN'
    writing acf: 0.0004 [s]
loading for 420/666 00015_ARG 00021_LEU ... ** load time: 0.012 [s]
    cal time: 0.000 [s] for b'00015_ARG' b'00021_LEU'
    writing acf: 0.0004 [s]
loading for 421/666 00015_ARG 00022_PRO ... ** load time: 0.013 [s]
    cal time: 0.000 [s] for b'00015_ARG' b'00022_PRO'
    writing acf: 0.0004 [s]
loading for 422/666 00015_ARG 00023_LEU ... ** load time: 0.012 [s]
    cal time: 0.000 [s] for b'00015_ARG' b'00023_LEU'
    writing acf: 0.0004 [s]
loading for 423/666 00015_ARG 00024_TRP ... ** load time: 0.013 [s]
    cal time: 0.000 [s] for b'00015_ARG' b'00024_TRP'
    writing acf: 0.0004 [s]
loading for 424/666 00015_ARG 00025_LYS ... ** load time: 0.012 [s]
    cal time: 0.000 [s] for b'00015_ARG' b'00025_LYS'
    writing acf: 0.0004 [s]
loading for 425/666 00015_ARG 00026_GLN ... ** load time: 0.013 [s]
    cal time: 0.000 [s] for b'00015_ARG' b'00026_GLN'
    writing acf: 0.0004 [s]
loading for 426/666 00015_ARG 00027_GLN ... ** load time: 0.012 [s]
    cal time: 0.000 [s] for b'00015_ARG' b'00027_GLN'
    writing acf: 0.0004 [s]
loading for 427/666 00015_ARG 00028_ASN ... ** load time: 0.013 [s]
    cal time: 0.000 [s] for b'00015_ARG' b'00028_ASN'
    writing acf: 0.0004 [s]
loading for 428/666 00015_ARG 00029_LEU ... ** load time: 0.012 [s]
    cal time: 0.000 [s] for b'00015_ARG' b'00029_LEU'
    writing acf: 0.0003 [s]
loading for 429/666 00015_ARG 00030_LYS ... ** load time: 0.013 [s]
    cal time: 0.000 [s] for b'00015_ARG' b'00030_LYS'
    writing acf: 0.0006 [s]
loading for 430/666 00015_ARG 00031_LYS ... ** load time: 0.012 [s]
    cal time: 0.000 [s] for b'00015_ARG' b'00031_LYS'
    writing acf: 0.0004 [s]
loading for 431/666 00015_ARG 00032_GLU ... ** load time: 0.013 [s]
    cal time: 0.000 [s] for b'00015_ARG' b'00032_GLU'
    writing acf: 0.0004 [s]
loading for 432/666 00015_ARG 00033_LYS ... ** load time: 0.012 [s]
    cal time: 0.000 [s] for b'00015_ARG' b'00033_LYS'
    writing acf: 0.0003 [s]
loading for 433/666 00015_ARG 00034_GLY ... ** load time: 0.013 [s]
    cal time: 0.000 [s] for b'00015_ARG' b'00034_GLY'
    writing acf: 0.0004 [s]
loading for 434/666 00015_ARG 00035_LEU ... ** load time: 0.012 [s]
    cal time: 0.000 [s] for b'00015_ARG' b'00035_LEU'
    writing acf: 0.0003 [s]
loading for 435/666 00015_ARG 00036_PHE ... ** load time: 0.013 [s]
    cal time: 0.000 [s] for b'00015_ARG' b'00036_PHE'
    writing acf: 0.0007 [s]
loading for 436/666 00016_SER 00016_SER ... ** load time: 0.012 [s]
    cal time: 0.000 [s] for b'00016_SER' b'00016_SER'
    writing acf: 0.0003 [s]
loading for 437/666 00016_SER 00017_ALA ... ** load time: 0.013 [s]
    cal time: 0.000 [s] for b'00016_SER' b'00017_ALA'
    writing acf: 0.0004 [s]
loading for 438/666 00016_SER 00018_PHE ... ** load time: 0.012 [s]
    cal time: 0.000 [s] for b'00016_SER' b'00018_PHE'
    writing acf: 0.0004 [s]
loading for 439/666 00016_SER 00019_ALA ... ** load time: 0.013 [s]
    cal time: 0.000 [s] for b'00016_SER' b'00019_ALA'
    writing acf: 0.0004 [s]
loading for 440/666 00016_SER 00020_ASN ... ** load time: 0.013 [s]
    cal time: 0.000 [s] for b'00016_SER' b'00020_ASN'
    writing acf: 0.0004 [s]
loading for 441/666 00016_SER 00021_LEU ... ** load time: 0.013 [s]
    cal time: 0.000 [s] for b'00016_SER' b'00021_LEU'
    writing acf: 0.0004 [s]
loading for 442/666 00016_SER 00022_PRO ... ** load time: 0.012 [s]
    cal time: 0.000 [s] for b'00016_SER' b'00022_PRO'
    writing acf: 0.0004 [s]
loading for 443/666 00016_SER 00023_LEU ... ** load time: 0.013 [s]
    cal time: 0.000 [s] for b'00016_SER' b'00023_LEU'
    writing acf: 0.0004 [s]
loading for 444/666 00016_SER 00024_TRP ... ** load time: 0.012 [s]
    cal time: 0.000 [s] for b'00016_SER' b'00024_TRP'
    writing acf: 0.0004 [s]
loading for 445/666 00016_SER 00025_LYS ... ** load time: 0.013 [s]
    cal time: 0.000 [s] for b'00016_SER' b'00025_LYS'
    writing acf: 0.0004 [s]
loading for 446/666 00016_SER 00026_GLN ... ** load time: 0.012 [s]
    cal time: 0.000 [s] for b'00016_SER' b'00026_GLN'
    writing acf: 0.0004 [s]
loading for 447/666 00016_SER 00027_GLN ... ** load time: 0.013 [s]
    cal time: 0.000 [s] for b'00016_SER' b'00027_GLN'
    writing acf: 0.0005 [s]
loading for 448/666 00016_SER 00028_ASN ... ** load time: 0.012 [s]
    cal time: 0.000 [s] for b'00016_SER' b'00028_ASN'
    writing acf: 0.0004 [s]
loading for 449/666 00016_SER 00029_LEU ... ** load time: 0.013 [s]
    cal time: 0.000 [s] for b'00016_SER' b'00029_LEU'
    writing acf: 0.0004 [s]
loading for 450/666 00016_SER 00030_LYS ... ** load time: 0.012 [s]
    cal time: 0.000 [s] for b'00016_SER' b'00030_LYS'
    writing acf: 0.0004 [s]
loading for 451/666 00016_SER 00031_LYS ... ** load time: 0.013 [s]
    cal time: 0.000 [s] for b'00016_SER' b'00031_LYS'
    writing acf: 0.0004 [s]
loading for 452/666 00016_SER 00032_GLU ... ** load time: 0.012 [s]
    cal time: 0.000 [s] for b'00016_SER' b'00032_GLU'
    writing acf: 0.0003 [s]
loading for 453/666 00016_SER 00033_LYS ... ** load time: 0.013 [s]
    cal time: 0.000 [s] for b'00016_SER' b'00033_LYS'
    writing acf: 0.0004 [s]
loading for 454/666 00016_SER 00034_GLY ... ** load time: 0.012 [s]
    cal time: 0.000 [s] for b'00016_SER' b'00034_GLY'
    writing acf: 0.0004 [s]
loading for 455/666 00016_SER 00035_LEU ... ** load time: 0.013 [s]
    cal time: 0.000 [s] for b'00016_SER' b'00035_LEU'
    writing acf: 0.0004 [s]
loading for 456/666 00016_SER 00036_PHE ... ** load time: 0.012 [s]
    cal time: 0.000 [s] for b'00016_SER' b'00036_PHE'
    writing acf: 0.0004 [s]
loading for 457/666 00017_ALA 00017_ALA ... ** load time: 0.013 [s]
    cal time: 0.000 [s] for b'00017_ALA' b'00017_ALA'
    writing acf: 0.0004 [s]
loading for 458/666 00017_ALA 00018_PHE ... ** load time: 0.013 [s]
    cal time: 0.000 [s] for b'00017_ALA' b'00018_PHE'
    writing acf: 0.0006 [s]
loading for 459/666 00017_ALA 00019_ALA ... ** load time: 0.013 [s]
    cal time: 0.000 [s] for b'00017_ALA' b'00019_ALA'
    writing acf: 0.0005 [s]
loading for 460/666 00017_ALA 00020_ASN ... ** load time: 0.013 [s]
    cal time: 0.000 [s] for b'00017_ALA' b'00020_ASN'
    writing acf: 0.0005 [s]
loading for 461/666 00017_ALA 00021_LEU ... ** load time: 0.013 [s]
    cal time: 0.000 [s] for b'00017_ALA' b'00021_LEU'
    writing acf: 0.0004 [s]
loading for 462/666 00017_ALA 00022_PRO ... ** load time: 0.013 [s]
    cal time: 0.000 [s] for b'00017_ALA' b'00022_PRO'
    writing acf: 0.0005 [s]
loading for 463/666 00017_ALA 00023_LEU ... ** load time: 0.013 [s]
    cal time: 0.000 [s] for b'00017_ALA' b'00023_LEU'
    writing acf: 0.0004 [s]
loading for 464/666 00017_ALA 00024_TRP ... ** load time: 0.013 [s]
    cal time: 0.000 [s] for b'00017_ALA' b'00024_TRP'
    writing acf: 0.0004 [s]
loading for 465/666 00017_ALA 00025_LYS ... ** load time: 0.013 [s]
    cal time: 0.000 [s] for b'00017_ALA' b'00025_LYS'
    writing acf: 0.0004 [s]
loading for 466/666 00017_ALA 00026_GLN ... ** load time: 0.013 [s]
    cal time: 0.000 [s] for b'00017_ALA' b'00026_GLN'
    writing acf: 0.0004 [s]
loading for 467/666 00017_ALA 00027_GLN ... ** load time: 0.013 [s]
    cal time: 0.000 [s] for b'00017_ALA' b'00027_GLN'
    writing acf: 0.0007 [s]
loading for 468/666 00017_ALA 00028_ASN ... ** load time: 0.013 [s]
    cal time: 0.000 [s] for b'00017_ALA' b'00028_ASN'
    writing acf: 0.0005 [s]
loading for 469/666 00017_ALA 00029_LEU ... ** load time: 0.013 [s]
    cal time: 0.000 [s] for b'00017_ALA' b'00029_LEU'
    writing acf: 0.0004 [s]
loading for 470/666 00017_ALA 00030_LYS ... ** load time: 0.013 [s]
    cal time: 0.000 [s] for b'00017_ALA' b'00030_LYS'
    writing acf: 0.0004 [s]
loading for 471/666 00017_ALA 00031_LYS ... ** load time: 0.013 [s]
    cal time: 0.000 [s] for b'00017_ALA' b'00031_LYS'
    writing acf: 0.0004 [s]
loading for 472/666 00017_ALA 00032_GLU ... ** load time: 0.013 [s]
    cal time: 0.000 [s] for b'00017_ALA' b'00032_GLU'
    writing acf: 0.0004 [s]
loading for 473/666 00017_ALA 00033_LYS ... ** load time: 0.013 [s]
    cal time: 0.000 [s] for b'00017_ALA' b'00033_LYS'
    writing acf: 0.0004 [s]
loading for 474/666 00017_ALA 00034_GLY ... ** load time: 0.013 [s]
    cal time: 0.000 [s] for b'00017_ALA' b'00034_GLY'
    writing acf: 0.0004 [s]
loading for 475/666 00017_ALA 00035_LEU ... ** load time: 0.013 [s]
    cal time: 0.000 [s] for b'00017_ALA' b'00035_LEU'
    writing acf: 0.0004 [s]
loading for 476/666 00017_ALA 00036_PHE ... ** load time: 0.013 [s]
    cal time: 0.000 [s] for b'00017_ALA' b'00036_PHE'
    writing acf: 0.0004 [s]
loading for 477/666 00018_PHE 00018_PHE ... ** load time: 0.013 [s]
    cal time: 0.000 [s] for b'00018_PHE' b'00018_PHE'
    writing acf: 0.0004 [s]
loading for 478/666 00018_PHE 00019_ALA ... ** load time: 0.013 [s]
    cal time: 0.000 [s] for b'00018_PHE' b'00019_ALA'
    writing acf: 0.0004 [s]
loading for 479/666 00018_PHE 00020_ASN ... ** load time: 0.013 [s]
    cal time: 0.000 [s] for b'00018_PHE' b'00020_ASN'
    writing acf: 0.0004 [s]
loading for 480/666 00018_PHE 00021_LEU ... ** load time: 0.013 [s]
    cal time: 0.000 [s] for b'00018_PHE' b'00021_LEU'
    writing acf: 0.0004 [s]
loading for 481/666 00018_PHE 00022_PRO ... ** load time: 0.013 [s]
    cal time: 0.000 [s] for b'00018_PHE' b'00022_PRO'
    writing acf: 0.0004 [s]
loading for 482/666 00018_PHE 00023_LEU ... ** load time: 0.013 [s]
    cal time: 0.000 [s] for b'00018_PHE' b'00023_LEU'
    writing acf: 0.0004 [s]
loading for 483/666 00018_PHE 00024_TRP ... ** load time: 0.013 [s]
    cal time: 0.000 [s] for b'00018_PHE' b'00024_TRP'
    writing acf: 0.0004 [s]
loading for 484/666 00018_PHE 00025_LYS ... ** load time: 0.013 [s]
    cal time: 0.000 [s] for b'00018_PHE' b'00025_LYS'
    writing acf: 0.0004 [s]
loading for 485/666 00018_PHE 00026_GLN ... ** load time: 0.013 [s]
    cal time: 0.000 [s] for b'00018_PHE' b'00026_GLN'
    writing acf: 0.0004 [s]
loading for 486/666 00018_PHE 00027_GLN ... ** load time: 0.013 [s]
    cal time: 0.000 [s] for b'00018_PHE' b'00027_GLN'
    writing acf: 0.0006 [s]
loading for 487/666 00018_PHE 00028_ASN ... ** load time: 0.013 [s]
    cal time: 0.000 [s] for b'00018_PHE' b'00028_ASN'
    writing acf: 0.0007 [s]
loading for 488/666 00018_PHE 00029_LEU ... ** load time: 0.013 [s]
    cal time: 0.000 [s] for b'00018_PHE' b'00029_LEU'
    writing acf: 0.0004 [s]
loading for 489/666 00018_PHE 00030_LYS ... ** load time: 0.013 [s]
    cal time: 0.000 [s] for b'00018_PHE' b'00030_LYS'
    writing acf: 0.0004 [s]
loading for 490/666 00018_PHE 00031_LYS ... ** load time: 0.013 [s]
    cal time: 0.000 [s] for b'00018_PHE' b'00031_LYS'
    writing acf: 0.0004 [s]
loading for 491/666 00018_PHE 00032_GLU ... ** load time: 0.013 [s]
    cal time: 0.000 [s] for b'00018_PHE' b'00032_GLU'
    writing acf: 0.0005 [s]
loading for 492/666 00018_PHE 00033_LYS ... ** load time: 0.013 [s]
    cal time: 0.000 [s] for b'00018_PHE' b'00033_LYS'
    writing acf: 0.0007 [s]
loading for 493/666 00018_PHE 00034_GLY ... ** load time: 0.013 [s]
    cal time: 0.000 [s] for b'00018_PHE' b'00034_GLY'
    writing acf: 0.0004 [s]
loading for 494/666 00018_PHE 00035_LEU ... ** load time: 0.013 [s]
    cal time: 0.000 [s] for b'00018_PHE' b'00035_LEU'
    writing acf: 0.0004 [s]
loading for 495/666 00018_PHE 00036_PHE ... ** load time: 0.013 [s]
    cal time: 0.000 [s] for b'00018_PHE' b'00036_PHE'
    writing acf: 0.0004 [s]
loading for 496/666 00019_ALA 00019_ALA ... ** load time: 0.013 [s]
    cal time: 0.000 [s] for b'00019_ALA' b'00019_ALA'
    writing acf: 0.0004 [s]
loading for 497/666 00019_ALA 00020_ASN ... ** load time: 0.013 [s]
    cal time: 0.000 [s] for b'00019_ALA' b'00020_ASN'
    writing acf: 0.0004 [s]
loading for 498/666 00019_ALA 00021_LEU ... ** load time: 0.013 [s]
    cal time: 0.000 [s] for b'00019_ALA' b'00021_LEU'
    writing acf: 0.0004 [s]
loading for 499/666 00019_ALA 00022_PRO ... ** load time: 0.013 [s]
    cal time: 0.000 [s] for b'00019_ALA' b'00022_PRO'
    writing acf: 0.0004 [s]
loading for 500/666 00019_ALA 00023_LEU ... ** load time: 0.013 [s]
    cal time: 0.000 [s] for b'00019_ALA' b'00023_LEU'
    writing acf: 0.0004 [s]
loading for 501/666 00019_ALA 00024_TRP ... ** load time: 0.013 [s]
    cal time: 0.000 [s] for b'00019_ALA' b'00024_TRP'
    writing acf: 0.0004 [s]
loading for 502/666 00019_ALA 00025_LYS ... ** load time: 0.014 [s]
    cal time: 0.000 [s] for b'00019_ALA' b'00025_LYS'
    writing acf: 0.0004 [s]
loading for 503/666 00019_ALA 00026_GLN ... ** load time: 0.013 [s]
    cal time: 0.000 [s] for b'00019_ALA' b'00026_GLN'
    writing acf: 0.0004 [s]
loading for 504/666 00019_ALA 00027_GLN ... ** load time: 0.013 [s]
    cal time: 0.000 [s] for b'00019_ALA' b'00027_GLN'
    writing acf: 0.0005 [s]
loading for 505/666 00019_ALA 00028_ASN ... ** load time: 0.013 [s]
    cal time: 0.000 [s] for b'00019_ALA' b'00028_ASN'
    writing acf: 0.0004 [s]
loading for 506/666 00019_ALA 00029_LEU ... ** load time: 0.013 [s]
    cal time: 0.000 [s] for b'00019_ALA' b'00029_LEU'
    writing acf: 0.0005 [s]
loading for 507/666 00019_ALA 00030_LYS ... ** load time: 0.013 [s]
    cal time: 0.000 [s] for b'00019_ALA' b'00030_LYS'
    writing acf: 0.0004 [s]
loading for 508/666 00019_ALA 00031_LYS ... ** load time: 0.013 [s]
    cal time: 0.000 [s] for b'00019_ALA' b'00031_LYS'
    writing acf: 0.0006 [s]
loading for 509/666 00019_ALA 00032_GLU ... ** load time: 0.013 [s]
    cal time: 0.000 [s] for b'00019_ALA' b'00032_GLU'
    writing acf: 0.0004 [s]
loading for 510/666 00019_ALA 00033_LYS ... ** load time: 0.013 [s]
    cal time: 0.000 [s] for b'00019_ALA' b'00033_LYS'
    writing acf: 0.0005 [s]
loading for 511/666 00019_ALA 00034_GLY ... ** load time: 0.013 [s]
    cal time: 0.000 [s] for b'00019_ALA' b'00034_GLY'
    writing acf: 0.0004 [s]
loading for 512/666 00019_ALA 00035_LEU ... ** load time: 0.013 [s]
    cal time: 0.000 [s] for b'00019_ALA' b'00035_LEU'
    writing acf: 0.0004 [s]
loading for 513/666 00019_ALA 00036_PHE ... ** load time: 0.013 [s]
    cal time: 0.000 [s] for b'00019_ALA' b'00036_PHE'
    writing acf: 0.0004 [s]
loading for 514/666 00020_ASN 00020_ASN ... ** load time: 0.013 [s]
    cal time: 0.000 [s] for b'00020_ASN' b'00020_ASN'
    writing acf: 0.0004 [s]
loading for 515/666 00020_ASN 00021_LEU ... ** load time: 0.013 [s]
    cal time: 0.000 [s] for b'00020_ASN' b'00021_LEU'
    writing acf: 0.0005 [s]
loading for 516/666 00020_ASN 00022_PRO ... ** load time: 0.013 [s]
    cal time: 0.000 [s] for b'00020_ASN' b'00022_PRO'
    writing acf: 0.0004 [s]
loading for 517/666 00020_ASN 00023_LEU ... ** load time: 0.013 [s]
    cal time: 0.000 [s] for b'00020_ASN' b'00023_LEU'
    writing acf: 0.0004 [s]
loading for 518/666 00020_ASN 00024_TRP ... ** load time: 0.013 [s]
    cal time: 0.000 [s] for b'00020_ASN' b'00024_TRP'
    writing acf: 0.0004 [s]
loading for 519/666 00020_ASN 00025_LYS ... ** load time: 0.013 [s]
    cal time: 0.000 [s] for b'00020_ASN' b'00025_LYS'
    writing acf: 0.0004 [s]
loading for 520/666 00020_ASN 00026_GLN ... ** load time: 0.013 [s]
    cal time: 0.000 [s] for b'00020_ASN' b'00026_GLN'
    writing acf: 0.0005 [s]
loading for 521/666 00020_ASN 00027_GLN ... ** load time: 0.013 [s]
    cal time: 0.000 [s] for b'00020_ASN' b'00027_GLN'
    writing acf: 0.0004 [s]
loading for 522/666 00020_ASN 00028_ASN ... ** load time: 0.013 [s]
    cal time: 0.000 [s] for b'00020_ASN' b'00028_ASN'
    writing acf: 0.0005 [s]
loading for 523/666 00020_ASN 00029_LEU ... ** load time: 0.013 [s]
    cal time: 0.000 [s] for b'00020_ASN' b'00029_LEU'
    writing acf: 0.0004 [s]
loading for 524/666 00020_ASN 00030_LYS ... ** load time: 0.013 [s]
    cal time: 0.000 [s] for b'00020_ASN' b'00030_LYS'
    writing acf: 0.0005 [s]
loading for 525/666 00020_ASN 00031_LYS ... ** load time: 0.013 [s]
    cal time: 0.000 [s] for b'00020_ASN' b'00031_LYS'
    writing acf: 0.0004 [s]
loading for 526/666 00020_ASN 00032_GLU ... ** load time: 0.013 [s]
    cal time: 0.000 [s] for b'00020_ASN' b'00032_GLU'
    writing acf: 0.0004 [s]
loading for 527/666 00020_ASN 00033_LYS ... ** load time: 0.013 [s]
    cal time: 0.000 [s] for b'00020_ASN' b'00033_LYS'
    writing acf: 0.0004 [s]
loading for 528/666 00020_ASN 00034_GLY ... ** load time: 0.013 [s]
    cal time: 0.000 [s] for b'00020_ASN' b'00034_GLY'
    writing acf: 0.0005 [s]
loading for 529/666 00020_ASN 00035_LEU ... ** load time: 0.013 [s]
    cal time: 0.000 [s] for b'00020_ASN' b'00035_LEU'
    writing acf: 0.0004 [s]
loading for 530/666 00020_ASN 00036_PHE ... ** load time: 0.013 [s]
    cal time: 0.000 [s] for b'00020_ASN' b'00036_PHE'
    writing acf: 0.0004 [s]
loading for 531/666 00021_LEU 00021_LEU ... ** load time: 0.013 [s]
    cal time: 0.000 [s] for b'00021_LEU' b'00021_LEU'
    writing acf: 0.0005 [s]
loading for 532/666 00021_LEU 00022_PRO ... ** load time: 0.013 [s]
    cal time: 0.000 [s] for b'00021_LEU' b'00022_PRO'
    writing acf: 0.0004 [s]
loading for 533/666 00021_LEU 00023_LEU ... ** load time: 0.013 [s]
    cal time: 0.000 [s] for b'00021_LEU' b'00023_LEU'
    writing acf: 0.0004 [s]
loading for 534/666 00021_LEU 00024_TRP ... ** load time: 0.013 [s]
    cal time: 0.000 [s] for b'00021_LEU' b'00024_TRP'
    writing acf: 0.0005 [s]
loading for 535/666 00021_LEU 00025_LYS ... ** load time: 0.013 [s]
    cal time: 0.000 [s] for b'00021_LEU' b'00025_LYS'
    writing acf: 0.0005 [s]
loading for 536/666 00021_LEU 00026_GLN ... ** load time: 0.013 [s]
    cal time: 0.000 [s] for b'00021_LEU' b'00026_GLN'
    writing acf: 0.0004 [s]
loading for 537/666 00021_LEU 00027_GLN ... ** load time: 0.013 [s]
    cal time: 0.000 [s] for b'00021_LEU' b'00027_GLN'
    writing acf: 0.0004 [s]
loading for 538/666 00021_LEU 00028_ASN ... ** load time: 0.013 [s]
    cal time: 0.000 [s] for b'00021_LEU' b'00028_ASN'
    writing acf: 0.0004 [s]
loading for 539/666 00021_LEU 00029_LEU ... ** load time: 0.013 [s]
    cal time: 0.000 [s] for b'00021_LEU' b'00029_LEU'
    writing acf: 0.0008 [s]
loading for 540/666 00021_LEU 00030_LYS ... ** load time: 0.013 [s]
    cal time: 0.000 [s] for b'00021_LEU' b'00030_LYS'
    writing acf: 0.0007 [s]
loading for 541/666 00021_LEU 00031_LYS ... ** load time: 0.013 [s]
    cal time: 0.000 [s] for b'00021_LEU' b'00031_LYS'
    writing acf: 0.0004 [s]
loading for 542/666 00021_LEU 00032_GLU ... ** load time: 0.013 [s]
    cal time: 0.000 [s] for b'00021_LEU' b'00032_GLU'
    writing acf: 0.0004 [s]
loading for 543/666 00021_LEU 00033_LYS ... ** load time: 0.013 [s]
    cal time: 0.000 [s] for b'00021_LEU' b'00033_LYS'
    writing acf: 0.0004 [s]
loading for 544/666 00021_LEU 00034_GLY ... ** load time: 0.013 [s]
    cal time: 0.000 [s] for b'00021_LEU' b'00034_GLY'
    writing acf: 0.0004 [s]
loading for 545/666 00021_LEU 00035_LEU ... ** load time: 0.013 [s]
    cal time: 0.000 [s] for b'00021_LEU' b'00035_LEU'
    writing acf: 0.0004 [s]
loading for 546/666 00021_LEU 00036_PHE ... ** load time: 0.013 [s]
    cal time: 0.000 [s] for b'00021_LEU' b'00036_PHE'
    writing acf: 0.0004 [s]
loading for 547/666 00022_PRO 00022_PRO ... ** load time: 0.013 [s]
    cal time: 0.000 [s] for b'00022_PRO' b'00022_PRO'
    writing acf: 0.0007 [s]
loading for 548/666 00022_PRO 00023_LEU ... ** load time: 0.013 [s]
    cal time: 0.000 [s] for b'00022_PRO' b'00023_LEU'
    writing acf: 0.0004 [s]
loading for 549/666 00022_PRO 00024_TRP ... ** load time: 0.013 [s]
    cal time: 0.000 [s] for b'00022_PRO' b'00024_TRP'
    writing acf: 0.0004 [s]
loading for 550/666 00022_PRO 00025_LYS ... ** load time: 0.013 [s]
    cal time: 0.000 [s] for b'00022_PRO' b'00025_LYS'
    writing acf: 0.0004 [s]
loading for 551/666 00022_PRO 00026_GLN ... ** load time: 0.013 [s]
    cal time: 0.000 [s] for b'00022_PRO' b'00026_GLN'
    writing acf: 0.0004 [s]
loading for 552/666 00022_PRO 00027_GLN ... ** load time: 0.013 [s]
    cal time: 0.000 [s] for b'00022_PRO' b'00027_GLN'
    writing acf: 0.0004 [s]
loading for 553/666 00022_PRO 00028_ASN ... ** load time: 0.013 [s]
    cal time: 0.000 [s] for b'00022_PRO' b'00028_ASN'
    writing acf: 0.0004 [s]
loading for 554/666 00022_PRO 00029_LEU ... ** load time: 0.013 [s]
    cal time: 0.000 [s] for b'00022_PRO' b'00029_LEU'
    writing acf: 0.0005 [s]
loading for 555/666 00022_PRO 00030_LYS ... ** load time: 0.013 [s]
    cal time: 0.000 [s] for b'00022_PRO' b'00030_LYS'
    writing acf: 0.0004 [s]
loading for 556/666 00022_PRO 00031_LYS ... ** load time: 0.013 [s]
    cal time: 0.000 [s] for b'00022_PRO' b'00031_LYS'
    writing acf: 0.0005 [s]
loading for 557/666 00022_PRO 00032_GLU ... ** load time: 0.013 [s]
    cal time: 0.000 [s] for b'00022_PRO' b'00032_GLU'
    writing acf: 0.0004 [s]
loading for 558/666 00022_PRO 00033_LYS ... ** load time: 0.013 [s]
    cal time: 0.000 [s] for b'00022_PRO' b'00033_LYS'
    writing acf: 0.0004 [s]
loading for 559/666 00022_PRO 00034_GLY ... ** load time: 0.013 [s]
    cal time: 0.000 [s] for b'00022_PRO' b'00034_GLY'
    writing acf: 0.0004 [s]
loading for 560/666 00022_PRO 00035_LEU ... ** load time: 0.015 [s]
    cal time: 0.000 [s] for b'00022_PRO' b'00035_LEU'
    writing acf: 0.0006 [s]
loading for 561/666 00022_PRO 00036_PHE ... ** load time: 0.014 [s]
    cal time: 0.000 [s] for b'00022_PRO' b'00036_PHE'
    writing acf: 0.0004 [s]
loading for 562/666 00023_LEU 00023_LEU ... ** load time: 0.013 [s]
    cal time: 0.000 [s] for b'00023_LEU' b'00023_LEU'
    writing acf: 0.0004 [s]
loading for 563/666 00023_LEU 00024_TRP ... ** load time: 0.013 [s]
    cal time: 0.000 [s] for b'00023_LEU' b'00024_TRP'
    writing acf: 0.0004 [s]
loading for 564/666 00023_LEU 00025_LYS ... ** load time: 0.013 [s]
    cal time: 0.000 [s] for b'00023_LEU' b'00025_LYS'
    writing acf: 0.0004 [s]
loading for 565/666 00023_LEU 00026_GLN ... ** load time: 0.013 [s]
    cal time: 0.000 [s] for b'00023_LEU' b'00026_GLN'
    writing acf: 0.0004 [s]
loading for 566/666 00023_LEU 00027_GLN ... ** load time: 0.013 [s]
    cal time: 0.000 [s] for b'00023_LEU' b'00027_GLN'
    writing acf: 0.0004 [s]
loading for 567/666 00023_LEU 00028_ASN ... ** load time: 0.013 [s]
    cal time: 0.000 [s] for b'00023_LEU' b'00028_ASN'
    writing acf: 0.0004 [s]
loading for 568/666 00023_LEU 00029_LEU ... ** load time: 0.013 [s]
    cal time: 0.000 [s] for b'00023_LEU' b'00029_LEU'
    writing acf: 0.0004 [s]
loading for 569/666 00023_LEU 00030_LYS ... ** load time: 0.013 [s]
    cal time: 0.000 [s] for b'00023_LEU' b'00030_LYS'
    writing acf: 0.0004 [s]
loading for 570/666 00023_LEU 00031_LYS ... ** load time: 0.013 [s]
    cal time: 0.000 [s] for b'00023_LEU' b'00031_LYS'
    writing acf: 0.0005 [s]
loading for 571/666 00023_LEU 00032_GLU ... ** load time: 0.013 [s]
    cal time: 0.000 [s] for b'00023_LEU' b'00032_GLU'
    writing acf: 0.0004 [s]
loading for 572/666 00023_LEU 00033_LYS ... ** load time: 0.013 [s]
    cal time: 0.000 [s] for b'00023_LEU' b'00033_LYS'
    writing acf: 0.0004 [s]
loading for 573/666 00023_LEU 00034_GLY ... ** load time: 0.013 [s]
    cal time: 0.000 [s] for b'00023_LEU' b'00034_GLY'
    writing acf: 0.0004 [s]
loading for 574/666 00023_LEU 00035_LEU ... ** load time: 0.013 [s]
    cal time: 0.000 [s] for b'00023_LEU' b'00035_LEU'
    writing acf: 0.0004 [s]
loading for 575/666 00023_LEU 00036_PHE ... ** load time: 0.013 [s]
    cal time: 0.000 [s] for b'00023_LEU' b'00036_PHE'
    writing acf: 0.0004 [s]
loading for 576/666 00024_TRP 00024_TRP ... ** load time: 0.013 [s]
    cal time: 0.000 [s] for b'00024_TRP' b'00024_TRP'
    writing acf: 0.0005 [s]
loading for 577/666 00024_TRP 00025_LYS ... ** load time: 0.013 [s]
    cal time: 0.000 [s] for b'00024_TRP' b'00025_LYS'
    writing acf: 0.0005 [s]
loading for 578/666 00024_TRP 00026_GLN ... ** load time: 0.013 [s]
    cal time: 0.000 [s] for b'00024_TRP' b'00026_GLN'
    writing acf: 0.0005 [s]
loading for 579/666 00024_TRP 00027_GLN ... ** load time: 0.013 [s]
    cal time: 0.000 [s] for b'00024_TRP' b'00027_GLN'
    writing acf: 0.0004 [s]
loading for 580/666 00024_TRP 00028_ASN ... ** load time: 0.013 [s]
    cal time: 0.000 [s] for b'00024_TRP' b'00028_ASN'
    writing acf: 0.0005 [s]
loading for 581/666 00024_TRP 00029_LEU ... ** load time: 0.013 [s]
    cal time: 0.000 [s] for b'00024_TRP' b'00029_LEU'
    writing acf: 0.0004 [s]
loading for 582/666 00024_TRP 00030_LYS ... ** load time: 0.013 [s]
    cal time: 0.000 [s] for b'00024_TRP' b'00030_LYS'
    writing acf: 0.0004 [s]
loading for 583/666 00024_TRP 00031_LYS ... ** load time: 0.013 [s]
    cal time: 0.000 [s] for b'00024_TRP' b'00031_LYS'
    writing acf: 0.0004 [s]
loading for 584/666 00024_TRP 00032_GLU ... ** load time: 0.013 [s]
    cal time: 0.000 [s] for b'00024_TRP' b'00032_GLU'
    writing acf: 0.0005 [s]
loading for 585/666 00024_TRP 00033_LYS ... ** load time: 0.013 [s]
    cal time: 0.000 [s] for b'00024_TRP' b'00033_LYS'
    writing acf: 0.0004 [s]
loading for 586/666 00024_TRP 00034_GLY ... ** load time: 0.013 [s]
    cal time: 0.000 [s] for b'00024_TRP' b'00034_GLY'
    writing acf: 0.0004 [s]
loading for 587/666 00024_TRP 00035_LEU ... ** load time: 0.013 [s]
    cal time: 0.000 [s] for b'00024_TRP' b'00035_LEU'
    writing acf: 0.0004 [s]
loading for 588/666 00024_TRP 00036_PHE ... ** load time: 0.013 [s]
    cal time: 0.000 [s] for b'00024_TRP' b'00036_PHE'
    writing acf: 0.0004 [s]
loading for 589/666 00025_LYS 00025_LYS ... ** load time: 0.013 [s]
    cal time: 0.000 [s] for b'00025_LYS' b'00025_LYS'
    writing acf: 0.0004 [s]
loading for 590/666 00025_LYS 00026_GLN ... ** load time: 0.013 [s]
    cal time: 0.000 [s] for b'00025_LYS' b'00026_GLN'
    writing acf: 0.0004 [s]
loading for 591/666 00025_LYS 00027_GLN ... ** load time: 0.013 [s]
    cal time: 0.000 [s] for b'00025_LYS' b'00027_GLN'
    writing acf: 0.0010 [s]
loading for 592/666 00025_LYS 00028_ASN ... ** load time: 0.013 [s]
    cal time: 0.000 [s] for b'00025_LYS' b'00028_ASN'
    writing acf: 0.0004 [s]
loading for 593/666 00025_LYS 00029_LEU ... ** load time: 0.013 [s]
    cal time: 0.000 [s] for b'00025_LYS' b'00029_LEU'
    writing acf: 0.0004 [s]
loading for 594/666 00025_LYS 00030_LYS ... ** load time: 0.013 [s]
    cal time: 0.000 [s] for b'00025_LYS' b'00030_LYS'
    writing acf: 0.0004 [s]
loading for 595/666 00025_LYS 00031_LYS ... ** load time: 0.013 [s]
    cal time: 0.000 [s] for b'00025_LYS' b'00031_LYS'
    writing acf: 0.0004 [s]
loading for 596/666 00025_LYS 00032_GLU ... ** load time: 0.013 [s]
    cal time: 0.000 [s] for b'00025_LYS' b'00032_GLU'
    writing acf: 0.0005 [s]
loading for 597/666 00025_LYS 00033_LYS ... ** load time: 0.013 [s]
    cal time: 0.000 [s] for b'00025_LYS' b'00033_LYS'
    writing acf: 0.0004 [s]
loading for 598/666 00025_LYS 00034_GLY ... ** load time: 0.013 [s]
    cal time: 0.000 [s] for b'00025_LYS' b'00034_GLY'
    writing acf: 0.0004 [s]
loading for 599/666 00025_LYS 00035_LEU ... ** load time: 0.013 [s]
    cal time: 0.000 [s] for b'00025_LYS' b'00035_LEU'
    writing acf: 0.0004 [s]
loading for 600/666 00025_LYS 00036_PHE ... ** load time: 0.013 [s]
    cal time: 0.000 [s] for b'00025_LYS' b'00036_PHE'
    writing acf: 0.0004 [s]
loading for 601/666 00026_GLN 00026_GLN ... ** load time: 0.013 [s]
    cal time: 0.000 [s] for b'00026_GLN' b'00026_GLN'
    writing acf: 0.0004 [s]
loading for 602/666 00026_GLN 00027_GLN ... ** load time: 0.013 [s]
    cal time: 0.000 [s] for b'00026_GLN' b'00027_GLN'
    writing acf: 0.0004 [s]
loading for 603/666 00026_GLN 00028_ASN ... ** load time: 0.013 [s]
    cal time: 0.000 [s] for b'00026_GLN' b'00028_ASN'
    writing acf: 0.0004 [s]
loading for 604/666 00026_GLN 00029_LEU ... ** load time: 0.013 [s]
    cal time: 0.000 [s] for b'00026_GLN' b'00029_LEU'
    writing acf: 0.0004 [s]
loading for 605/666 00026_GLN 00030_LYS ... ** load time: 0.013 [s]
    cal time: 0.000 [s] for b'00026_GLN' b'00030_LYS'
    writing acf: 0.0005 [s]
loading for 606/666 00026_GLN 00031_LYS ... ** load time: 0.016 [s]
    cal time: 0.000 [s] for b'00026_GLN' b'00031_LYS'
    writing acf: 0.0009 [s]
loading for 607/666 00026_GLN 00032_GLU ... ** load time: 0.015 [s]
    cal time: 0.000 [s] for b'00026_GLN' b'00032_GLU'
    writing acf: 0.0005 [s]
loading for 608/666 00026_GLN 00033_LYS ... ** load time: 0.013 [s]
    cal time: 0.000 [s] for b'00026_GLN' b'00033_LYS'
    writing acf: 0.0004 [s]
loading for 609/666 00026_GLN 00034_GLY ... ** load time: 0.013 [s]
    cal time: 0.000 [s] for b'00026_GLN' b'00034_GLY'
    writing acf: 0.0004 [s]
loading for 610/666 00026_GLN 00035_LEU ... ** load time: 0.013 [s]
    cal time: 0.000 [s] for b'00026_GLN' b'00035_LEU'
    writing acf: 0.0004 [s]
loading for 611/666 00026_GLN 00036_PHE ... ** load time: 0.014 [s]
    cal time: 0.000 [s] for b'00026_GLN' b'00036_PHE'
    writing acf: 0.0004 [s]
loading for 612/666 00027_GLN 00027_GLN ... ** load time: 0.013 [s]
    cal time: 0.000 [s] for b'00027_GLN' b'00027_GLN'
    writing acf: 0.0005 [s]
loading for 613/666 00027_GLN 00028_ASN ... ** load time: 0.013 [s]
    cal time: 0.000 [s] for b'00027_GLN' b'00028_ASN'
    writing acf: 0.0004 [s]
loading for 614/666 00027_GLN 00029_LEU ... ** load time: 0.013 [s]
    cal time: 0.000 [s] for b'00027_GLN' b'00029_LEU'
    writing acf: 0.0005 [s]
loading for 615/666 00027_GLN 00030_LYS ... ** load time: 0.013 [s]
    cal time: 0.000 [s] for b'00027_GLN' b'00030_LYS'
    writing acf: 0.0004 [s]
loading for 616/666 00027_GLN 00031_LYS ... ** load time: 0.013 [s]
    cal time: 0.000 [s] for b'00027_GLN' b'00031_LYS'
    writing acf: 0.0005 [s]
loading for 617/666 00027_GLN 00032_GLU ... ** load time: 0.013 [s]
    cal time: 0.000 [s] for b'00027_GLN' b'00032_GLU'
    writing acf: 0.0004 [s]
loading for 618/666 00027_GLN 00033_LYS ... ** load time: 0.013 [s]
    cal time: 0.000 [s] for b'00027_GLN' b'00033_LYS'
    writing acf: 0.0004 [s]
loading for 619/666 00027_GLN 00034_GLY ... ** load time: 0.013 [s]
    cal time: 0.000 [s] for b'00027_GLN' b'00034_GLY'
    writing acf: 0.0004 [s]
loading for 620/666 00027_GLN 00035_LEU ... ** load time: 0.013 [s]
    cal time: 0.000 [s] for b'00027_GLN' b'00035_LEU'
    writing acf: 0.0005 [s]
loading for 621/666 00027_GLN 00036_PHE ... ** load time: 0.013 [s]
    cal time: 0.000 [s] for b'00027_GLN' b'00036_PHE'
    writing acf: 0.0004 [s]
loading for 622/666 00028_ASN 00028_ASN ... ** load time: 0.013 [s]
    cal time: 0.000 [s] for b'00028_ASN' b'00028_ASN'
    writing acf: 0.0006 [s]
loading for 623/666 00028_ASN 00029_LEU ... ** load time: 0.013 [s]
    cal time: 0.000 [s] for b'00028_ASN' b'00029_LEU'
    writing acf: 0.0004 [s]
loading for 624/666 00028_ASN 00030_LYS ... ** load time: 0.013 [s]
    cal time: 0.000 [s] for b'00028_ASN' b'00030_LYS'
    writing acf: 0.0004 [s]
loading for 625/666 00028_ASN 00031_LYS ... ** load time: 0.013 [s]
    cal time: 0.000 [s] for b'00028_ASN' b'00031_LYS'
    writing acf: 0.0004 [s]
loading for 626/666 00028_ASN 00032_GLU ... ** load time: 0.013 [s]
    cal time: 0.000 [s] for b'00028_ASN' b'00032_GLU'
    writing acf: 0.0005 [s]
loading for 627/666 00028_ASN 00033_LYS ... ** load time: 0.013 [s]
    cal time: 0.000 [s] for b'00028_ASN' b'00033_LYS'
    writing acf: 0.0004 [s]
loading for 628/666 00028_ASN 00034_GLY ... ** load time: 0.013 [s]
    cal time: 0.000 [s] for b'00028_ASN' b'00034_GLY'
    writing acf: 0.0004 [s]
loading for 629/666 00028_ASN 00035_LEU ... ** load time: 0.013 [s]
    cal time: 0.000 [s] for b'00028_ASN' b'00035_LEU'
    writing acf: 0.0004 [s]
loading for 630/666 00028_ASN 00036_PHE ... ** load time: 0.013 [s]
    cal time: 0.000 [s] for b'00028_ASN' b'00036_PHE'
    writing acf: 0.0004 [s]
loading for 631/666 00029_LEU 00029_LEU ... ** load time: 0.013 [s]
    cal time: 0.000 [s] for b'00029_LEU' b'00029_LEU'
    writing acf: 0.0004 [s]
loading for 632/666 00029_LEU 00030_LYS ... ** load time: 0.013 [s]
    cal time: 0.000 [s] for b'00029_LEU' b'00030_LYS'
    writing acf: 0.0004 [s]
loading for 633/666 00029_LEU 00031_LYS ... ** load time: 0.013 [s]
    cal time: 0.000 [s] for b'00029_LEU' b'00031_LYS'
    writing acf: 0.0004 [s]
loading for 634/666 00029_LEU 00032_GLU ... ** load time: 0.013 [s]
    cal time: 0.000 [s] for b'00029_LEU' b'00032_GLU'
    writing acf: 0.0004 [s]
loading for 635/666 00029_LEU 00033_LYS ... ** load time: 0.013 [s]
    cal time: 0.000 [s] for b'00029_LEU' b'00033_LYS'
    writing acf: 0.0004 [s]
loading for 636/666 00029_LEU 00034_GLY ... ** load time: 0.013 [s]
    cal time: 0.000 [s] for b'00029_LEU' b'00034_GLY'
    writing acf: 0.0004 [s]
loading for 637/666 00029_LEU 00035_LEU ... ** load time: 0.013 [s]
    cal time: 0.000 [s] for b'00029_LEU' b'00035_LEU'
    writing acf: 0.0005 [s]
loading for 638/666 00029_LEU 00036_PHE ... ** load time: 0.013 [s]
    cal time: 0.000 [s] for b'00029_LEU' b'00036_PHE'
    writing acf: 0.0004 [s]
loading for 639/666 00030_LYS 00030_LYS ... ** load time: 0.013 [s]
    cal time: 0.000 [s] for b'00030_LYS' b'00030_LYS'
    writing acf: 0.0004 [s]
loading for 640/666 00030_LYS 00031_LYS ... ** load time: 0.013 [s]
    cal time: 0.000 [s] for b'00030_LYS' b'00031_LYS'
    writing acf: 0.0004 [s]
loading for 641/666 00030_LYS 00032_GLU ... ** load time: 0.013 [s]
    cal time: 0.000 [s] for b'00030_LYS' b'00032_GLU'
    writing acf: 0.0005 [s]
loading for 642/666 00030_LYS 00033_LYS ... ** load time: 0.013 [s]
    cal time: 0.000 [s] for b'00030_LYS' b'00033_LYS'
    writing acf: 0.0007 [s]
loading for 643/666 00030_LYS 00034_GLY ... ** load time: 0.013 [s]
    cal time: 0.000 [s] for b'00030_LYS' b'00034_GLY'
    writing acf: 0.0004 [s]
loading for 644/666 00030_LYS 00035_LEU ... ** load time: 0.013 [s]
    cal time: 0.000 [s] for b'00030_LYS' b'00035_LEU'
    writing acf: 0.0004 [s]
loading for 645/666 00030_LYS 00036_PHE ... ** load time: 0.013 [s]
    cal time: 0.000 [s] for b'00030_LYS' b'00036_PHE'
    writing acf: 0.0004 [s]
loading for 646/666 00031_LYS 00031_LYS ... ** load time: 0.013 [s]
    cal time: 0.000 [s] for b'00031_LYS' b'00031_LYS'
    writing acf: 0.0004 [s]
loading for 647/666 00031_LYS 00032_GLU ... ** load time: 0.013 [s]
    cal time: 0.000 [s] for b'00031_LYS' b'00032_GLU'
    writing acf: 0.0004 [s]
loading for 648/666 00031_LYS 00033_LYS ... ** load time: 0.013 [s]
    cal time: 0.000 [s] for b'00031_LYS' b'00033_LYS'
    writing acf: 0.0004 [s]
loading for 649/666 00031_LYS 00034_GLY ... ** load time: 0.013 [s]
    cal time: 0.000 [s] for b'00031_LYS' b'00034_GLY'
    writing acf: 0.0005 [s]
loading for 650/666 00031_LYS 00035_LEU ... ** load time: 0.013 [s]
    cal time: 0.000 [s] for b'00031_LYS' b'00035_LEU'
    writing acf: 0.0004 [s]
loading for 651/666 00031_LYS 00036_PHE ... ** load time: 0.013 [s]
    cal time: 0.000 [s] for b'00031_LYS' b'00036_PHE'
    writing acf: 0.0004 [s]
loading for 652/666 00032_GLU 00032_GLU ... ** load time: 0.013 [s]
    cal time: 0.000 [s] for b'00032_GLU' b'00032_GLU'
    writing acf: 0.0004 [s]
loading for 653/666 00032_GLU 00033_LYS ... ** load time: 0.013 [s]
    cal time: 0.000 [s] for b'00032_GLU' b'00033_LYS'
    writing acf: 0.0004 [s]
loading for 654/666 00032_GLU 00034_GLY ... ** load time: 0.013 [s]
    cal time: 0.000 [s] for b'00032_GLU' b'00034_GLY'
    writing acf: 0.0004 [s]
loading for 655/666 00032_GLU 00035_LEU ... ** load time: 0.013 [s]
    cal time: 0.000 [s] for b'00032_GLU' b'00035_LEU'
    writing acf: 0.0004 [s]
loading for 656/666 00032_GLU 00036_PHE ... ** load time: 0.013 [s]
    cal time: 0.000 [s] for b'00032_GLU' b'00036_PHE'
    writing acf: 0.0004 [s]
loading for 657/666 00033_LYS 00033_LYS ... ** load time: 0.013 [s]
    cal time: 0.000 [s] for b'00033_LYS' b'00033_LYS'
    writing acf: 0.0004 [s]
loading for 658/666 00033_LYS 00034_GLY ... ** load time: 0.013 [s]
    cal time: 0.000 [s] for b'00033_LYS' b'00034_GLY'
    writing acf: 0.0004 [s]
loading for 659/666 00033_LYS 00035_LEU ... ** load time: 0.013 [s]
    cal time: 0.000 [s] for b'00033_LYS' b'00035_LEU'
    writing acf: 0.0004 [s]
loading for 660/666 00033_LYS 00036_PHE ... ** load time: 0.013 [s]
    cal time: 0.000 [s] for b'00033_LYS' b'00036_PHE'
    writing acf: 0.0004 [s]
loading for 661/666 00034_GLY 00034_GLY ... ** load time: 0.013 [s]
    cal time: 0.000 [s] for b'00034_GLY' b'00034_GLY'
    writing acf: 0.0005 [s]
loading for 662/666 00034_GLY 00035_LEU ... ** load time: 0.013 [s]
    cal time: 0.000 [s] for b'00034_GLY' b'00035_LEU'
    writing acf: 0.0005 [s]
loading for 663/666 00034_GLY 00036_PHE ... ** load time: 0.013 [s]
    cal time: 0.000 [s] for b'00034_GLY' b'00036_PHE'
    writing acf: 0.0005 [s]
loading for 664/666 00035_LEU 00035_LEU ... ** load time: 0.013 [s]
    cal time: 0.000 [s] for b'00035_LEU' b'00035_LEU'
    writing acf: 0.0005 [s]
loading for 665/666 00035_LEU 00036_PHE ... ** load time: 0.013 [s]
    cal time: 0.000 [s] for b'00035_LEU' b'00036_PHE'
    writing acf: 0.0004 [s]
loading for 666/666 00036_PHE 00036_PHE ... ** load time: 0.013 [s]
    cal time: 0.000 [s] for b'00036_PHE' b'00036_PHE'
    writing acf: 0.0004 [s]
total load time: 8.481 [s]
total time: 9.028 [s]
==========================
    finished completely   
==========================
